-------------------------------------------------------------------------------
Test set: com.leonardo.domain.ProdutoTest
-------------------------------------------------------------------------------
Tests run: 2, Failures: 0, Errors: 1, Skipped: 0, Time elapsed: 1.876 s <<< FAILURE! - in com.leonardo.domain.ProdutoTest
excluirProduto(com.leonardo.domain.ProdutoTest)  Time elapsed: 1.62 s  <<< ERROR!
java.lang.IllegalArgumentException: attempt to create merge event with null entity
	at com.leonardo.domain.ProdutoTest.excluirProduto(ProdutoTest.java:43)

