-------------------------------------------------------------------------------
Test set: ClienteTest
-------------------------------------------------------------------------------
Tests run: 1, Failures: 1, Errors: 0, Skipped: 0, Time elapsed: 1.373 s <<< FAILURE! - in ClienteTest
cadastrarClienteTest  Time elapsed: 1.367 s  <<< FAILURE!
org.opentest4j.AssertionFailedError: expected: <com.leonardo.domain.Cliente@3ddb774f> but was: <ClienteTest@6025d790>
	at ClienteTest.cadastrarClienteTest(ClienteTest.java:33)

