-------------------------------------------------------------------------------
Test set: ProdutoTest
-------------------------------------------------------------------------------
Tests run: 5, Failures: 0, Errors: 5, Skipped: 0, Time elapsed: 1.428 s <<< FAILURE! - in ProdutoTest
consultarProdutoTest  Time elapsed: 1.322 s  <<< ERROR!
javax.persistence.PersistenceException: org.hibernate.exception.SQLGrammarException: could not extract ResultSet
	at ProdutoTest.consultarProdutoTest(ProdutoTest.java:55)
Caused by: org.hibernate.exception.SQLGrammarException: could not extract ResultSet
	at ProdutoTest.consultarProdutoTest(ProdutoTest.java:55)
Caused by: org.postgresql.util.PSQLException: 
ERRO: coluna produto0_.ativo não existe
  Posição: 34
	at ProdutoTest.consultarProdutoTest(ProdutoTest.java:55)

atualizarProdutoTest  Time elapsed: 0.027 s  <<< ERROR!
javax.persistence.PersistenceException: org.hibernate.exception.SQLGrammarException: could not extract ResultSet
	at ProdutoTest.atualizarProdutoTest(ProdutoTest.java:39)
Caused by: org.hibernate.exception.SQLGrammarException: could not extract ResultSet
	at ProdutoTest.atualizarProdutoTest(ProdutoTest.java:39)
Caused by: org.postgresql.util.PSQLException: 
ERRO: coluna produto0_.ativo não existe
  Posição: 34
	at ProdutoTest.atualizarProdutoTest(ProdutoTest.java:39)

consultarTodosProdutosTest  Time elapsed: 0.038 s  <<< ERROR!
javax.persistence.PersistenceException: org.hibernate.exception.SQLGrammarException: could not extract ResultSet
	at ProdutoTest.consultarTodosProdutosTest(ProdutoTest.java:78)
Caused by: org.hibernate.exception.SQLGrammarException: could not extract ResultSet
	at ProdutoTest.consultarTodosProdutosTest(ProdutoTest.java:78)
Caused by: org.postgresql.util.PSQLException: 
ERRO: coluna produto0_.ativo não existe
  Posição: 32
	at ProdutoTest.consultarTodosProdutosTest(ProdutoTest.java:78)

excluirProdutoTest  Time elapsed: 0.027 s  <<< ERROR!
javax.persistence.RollbackException: Error while committing the transaction
	at ProdutoTest.excluirProdutoTest(ProdutoTest.java:67)
Caused by: javax.persistence.PersistenceException: org.hibernate.exception.SQLGrammarException: could not execute statement
	at ProdutoTest.excluirProdutoTest(ProdutoTest.java:67)
Caused by: org.hibernate.exception.SQLGrammarException: could not execute statement
	at ProdutoTest.excluirProdutoTest(ProdutoTest.java:67)
Caused by: org.postgresql.util.PSQLException: 
ERRO: coluna "ativo" da relação "tb_produto" não existe
  Posição: 25
	at ProdutoTest.excluirProdutoTest(ProdutoTest.java:67)

cadastrarProdutoTest  Time elapsed: 0.004 s  <<< ERROR!
javax.persistence.RollbackException: Error while committing the transaction
	at ProdutoTest.cadastrarProdutoTest(ProdutoTest.java:28)
Caused by: javax.persistence.PersistenceException: org.hibernate.exception.SQLGrammarException: could not execute statement
	at ProdutoTest.cadastrarProdutoTest(ProdutoTest.java:28)
Caused by: org.hibernate.exception.SQLGrammarException: could not execute statement
	at ProdutoTest.cadastrarProdutoTest(ProdutoTest.java:28)
Caused by: org.postgresql.util.PSQLException: 
ERRO: coluna "ativo" da relação "tb_produto" não existe
  Posição: 25
	at ProdutoTest.cadastrarProdutoTest(ProdutoTest.java:28)

