<?xml version="1.0" encoding="UTF-8"?>
<testsuite xmlns:xsi="http://www.w3.org/2001/XMLSchema-instance" xsi:noNamespaceSchemaLocation="https://maven.apache.org/surefire/maven-surefire-plugin/xsd/surefire-test-report.xsd" name="ProdutoTest" time="1.402" tests="5" errors="2" skipped="0" failures="3">
  <properties>
[...]
</properties>
  <testcase name="consultarProdutoTest" classname="ProdutoTest" time="1.29">
    <failure message="expected: not &lt;null&gt;" type="org.opentest4j.AssertionFailedError"><![CDATA[org.opentest4j.AssertionFailedError: expected: not <null>
	at ProdutoTest.consultarProdutoTest(ProdutoTest.java:56)
]]></failure>
    <system-out><![CDATA[Hibernate: 
    
    alter table tb_cliente 
       add column ativo boolean
Hibernate: 
    
    alter table tb_cliente 
       add column telefone varchar(15)
Hibernate: 
    
    alter table tb_produto 
       add column ativo boolean not null
Hibernate: 
    
    create table Venda (
       id int8 not null,
        ativo boolean not null,
        quantidade int4 not null,
        valorTotal float8 not null,
        cliente_id int8 not null,
        primary key (id)
    )
Hibernate: 
    
    alter table Venda 
       add constraint FKfu6ytokpad9hxeauld00is6fp 
       foreign key (cliente_id) 
       references tb_cliente
Hibernate: 
    
    alter table Venda_tb_produto 
       add constraint FKqk4d7v0gbw7vim3yus5jh29vq 
       foreign key (Venda_id) 
       references Venda
Hibernate: 
    select
        produto0_.id as id1_1_0_,
        produto0_.ativo as ativo2_1_0_,
        produto0_.nome as nome3_1_0_,
        produto0_.preco as preco4_1_0_ 
    from
        tb_produto produto0_ 
    where
        produto0_.id=?
]]></system-out>
    <system-err><![CDATA[jun. 23, 2025 8:10:06 PM org.hibernate.jpa.internal.util.LogHelper logPersistenceUnitInformation
INFO: HHH000204: Processing PersistenceUnitInfo [name: ExemploJPA]
jun. 23, 2025 8:10:06 PM org.hibernate.Version logVersion
INFO: HHH000412: Hibernate ORM core version 5.6.15.Final
jun. 23, 2025 8:10:06 PM org.hibernate.annotations.common.reflection.java.JavaReflectionManager <clinit>
INFO: HCANN000001: Hibernate Commons Annotations {5.1.2.Final}
jun. 23, 2025 8:10:06 PM org.hibernate.engine.jdbc.connections.internal.DriverManagerConnectionProviderImpl configure
WARN: HHH10001002: Using Hibernate built-in connection pool (not for production use!)
jun. 23, 2025 8:10:06 PM org.hibernate.engine.jdbc.connections.internal.DriverManagerConnectionProviderImpl buildCreator
INFO: HHH10001005: using driver [org.postgresql.Driver] at URL [jdbc:postgresql://localhost:5432/ebac]
jun. 23, 2025 8:10:06 PM org.hibernate.engine.jdbc.connections.internal.DriverManagerConnectionProviderImpl buildCreator
INFO: HHH10001001: Connection properties: {password=****, user=postgres}
jun. 23, 2025 8:10:06 PM org.hibernate.engine.jdbc.connections.internal.DriverManagerConnectionProviderImpl buildCreator
INFO: HHH10001003: Autocommit mode: false
jun. 23, 2025 8:10:06 PM org.hibernate.engine.jdbc.connections.internal.DriverManagerConnectionProviderImpl$PooledConnections <init>
INFO: HHH000115: Hibernate connection pool size: 20 (min=1)
jun. 23, 2025 8:10:06 PM org.hibernate.dialect.Dialect <init>
INFO: HHH000400: Using dialect: org.hibernate.dialect.PostgreSQLDialect
jun. 23, 2025 8:10:07 PM org.hibernate.resource.transaction.backend.jdbc.internal.DdlTransactionIsolatorNonJtaImpl getIsolatedConnection
INFO: HHH10001501: Connection obtained from JdbcConnectionAccess [org.hibernate.engine.jdbc.env.internal.JdbcEnvironmentInitiator$ConnectionProviderJdbcConnectionAccess@29b40b3] for (non-JTA) DDL execution was not in auto-commit mode; the Connection 'local transaction' will be committed and the Connection will be set into auto-commit mode.
jun. 23, 2025 8:10:07 PM org.hibernate.engine.transaction.jta.platform.internal.JtaPlatformInitiator initiateService
INFO: HHH000490: Using JtaPlatform implementation: [org.hibernate.engine.transaction.jta.platform.internal.NoJtaPlatform]
]]></system-err>
  </testcase>
  <testcase name="atualizarProdutoTest" classname="ProdutoTest" time="0.001">
    <failure message="expected: not &lt;null&gt;" type="org.opentest4j.AssertionFailedError"><![CDATA[org.opentest4j.AssertionFailedError: expected: not <null>
	at ProdutoTest.atualizarProdutoTest(ProdutoTest.java:40)
]]></failure>
    <system-out><![CDATA[Hibernate: 
    select
        produto0_.id as id1_1_0_,
        produto0_.ativo as ativo2_1_0_,
        produto0_.nome as nome3_1_0_,
        produto0_.preco as preco4_1_0_ 
    from
        tb_produto produto0_ 
    where
        produto0_.id=?
]]></system-out>
  </testcase>
  <testcase name="consultarTodosProdutosTest" classname="ProdutoTest" time="0.061">
    <failure message="expected: &lt;4&gt; but was: &lt;0&gt;" type="org.opentest4j.AssertionFailedError"><![CDATA[org.opentest4j.AssertionFailedError: expected: <4> but was: <0>
	at ProdutoTest.consultarTodosProdutosTest(ProdutoTest.java:80)
]]></failure>
    <system-out><![CDATA[Hibernate: 
    select
        produto0_.id as id1_1_,
        produto0_.ativo as ativo2_1_,
        produto0_.nome as nome3_1_,
        produto0_.preco as preco4_1_ 
    from
        tb_produto produto0_
]]></system-out>
  </testcase>
  <testcase name="excluirProdutoTest" classname="ProdutoTest" time="0.035">
    <error message="Error while committing the transaction" type="javax.persistence.RollbackException">javax.persistence.RollbackException: Error while committing the transaction
	at ProdutoTest.excluirProdutoTest(ProdutoTest.java:67)
Caused by: javax.persistence.PersistenceException: org.hibernate.exception.ConstraintViolationException: could not execute statement
	at ProdutoTest.excluirProdutoTest(ProdutoTest.java:67)
Caused by: org.hibernate.exception.ConstraintViolationException: could not execute statement
	at ProdutoTest.excluirProdutoTest(ProdutoTest.java:67)
Caused by: org.postgresql.util.PSQLException: 
ERRO: o valor nulo na coluna "codigo" da relação "tb_produto" viola a restrição de não-nulo
  Detalhe: Registro que falhou contém (132, null, Smartphone Motorola, null, 500.00, null, t).
	at ProdutoTest.excluirProdutoTest(ProdutoTest.java:67)
</error>
    <system-out><![CDATA[Hibernate: 
    select
        nextval ('sq_produto')
Hibernate: 
    insert 
    into
        tb_produto
        (ativo, nome, preco, id) 
    values
        (?, ?, ?, ?)
]]></system-out>
    <system-err><![CDATA[jun. 23, 2025 8:10:07 PM org.hibernate.engine.jdbc.spi.SqlExceptionHelper logExceptions
WARN: SQL Error: 0, SQLState: 23502
jun. 23, 2025 8:10:07 PM org.hibernate.engine.jdbc.spi.SqlExceptionHelper logExceptions
ERROR: ERRO: o valor nulo na coluna "codigo" da relação "tb_produto" viola a restrição de não-nulo
  Detalhe: Registro que falhou contém (132, null, Smartphone Motorola, null, 500.00, null, t).
jun. 23, 2025 8:10:07 PM org.hibernate.engine.jdbc.batch.internal.AbstractBatchImpl release
INFO: HHH000010: On release of batch it still contained JDBC statements
]]></system-err>
  </testcase>
  <testcase name="cadastrarProdutoTest" classname="ProdutoTest" time="0.005">
    <error message="Error while committing the transaction" type="javax.persistence.RollbackException">javax.persistence.RollbackException: Error while committing the transaction
	at ProdutoTest.cadastrarProdutoTest(ProdutoTest.java:28)
Caused by: javax.persistence.PersistenceException: org.hibernate.exception.ConstraintViolationException: could not execute statement
	at ProdutoTest.cadastrarProdutoTest(ProdutoTest.java:28)
Caused by: org.hibernate.exception.ConstraintViolationException: could not execute statement
	at ProdutoTest.cadastrarProdutoTest(ProdutoTest.java:28)
Caused by: org.postgresql.util.PSQLException: 
ERRO: o valor nulo na coluna "codigo" da relação "tb_produto" viola a restrição de não-nulo
  Detalhe: Registro que falhou contém (133, null, Computador Desktop Dell, null, 1500.00, null, t).
	at ProdutoTest.cadastrarProdutoTest(ProdutoTest.java:28)
</error>
    <system-out><![CDATA[Hibernate: 
    select
        nextval ('sq_produto')
Hibernate: 
    insert 
    into
        tb_produto
        (ativo, nome, preco, id) 
    values
        (?, ?, ?, ?)
]]></system-out>
    <system-err><![CDATA[jun. 23, 2025 8:10:07 PM org.hibernate.engine.jdbc.spi.SqlExceptionHelper logExceptions
WARN: SQL Error: 0, SQLState: 23502
jun. 23, 2025 8:10:07 PM org.hibernate.engine.jdbc.spi.SqlExceptionHelper logExceptions
ERROR: ERRO: o valor nulo na coluna "codigo" da relação "tb_produto" viola a restrição de não-nulo
  Detalhe: Registro que falhou contém (133, null, Computador Desktop Dell, null, 1500.00, null, t).
jun. 23, 2025 8:10:07 PM org.hibernate.engine.jdbc.batch.internal.AbstractBatchImpl release
INFO: HHH000010: On release of batch it still contained JDBC statements
]]></system-err>
  </testcase>
</testsuite>