-------------------------------------------------------------------------------
Test set: VendaTest
-------------------------------------------------------------------------------
Tests run: 2, Failures: 1, Errors: 0, Skipped: 0, Time elapsed: 1.483 s <<< FAILURE! - in VendaTest
testCriarVenda  Time elapsed: 1.419 s  <<< FAILURE!
org.opentest4j.AssertionFailedError: expected: not <null>
	at VendaTest.testCriarVenda(VendaTest.java:31)

