<?xml version="1.0" encoding="UTF-8"?>
<testsuite xmlns:xsi="http://www.w3.org/2001/XMLSchema-instance" xsi:noNamespaceSchemaLocation="https://maven.apache.org/surefire/maven-surefire-plugin/xsd/surefire-test-report-3.0.xsd" version="3.0" name="com.leonardo.dao.ProdutoDAOTest" time="0.444" tests="5" errors="3" skipped="0" failures="1">
  <properties>
[...]
</properties>
  <testcase name="excluir" classname="com.leonardo.dao.ProdutoDAOTest" time="0.142">
    <error message="Unimplemented method &apos;setParametrosQuerySelect&apos;" type="java.lang.UnsupportedOperationException"><![CDATA[java.lang.UnsupportedOperationException: Unimplemented method 'setParametrosQuerySelect'
	at com.leonardo.dao.produto.ProdutoDAO.setParametrosQuerySelect(ProdutoDAO.java:91)
	at com.leonardo.dao.produto.ProdutoDAO.setParametrosQuerySelect(ProdutoDAO.java:21)
	at com.leonardo.dao.generic.GenericDAO.validarMaisDeUmRegistro(GenericDAO.java:263)
	at com.leonardo.dao.generic.GenericDAO.consultar(GenericDAO.java:157)
	at com.leonardo.dao.ProdutoDAOTest.excluir(ProdutoDAOTest.java:82)
	at java.base/java.lang.reflect.Method.invoke(Method.java:580)
	at java.base/java.util.ArrayList.forEach(ArrayList.java:1596)
	at java.base/java.util.ArrayList.forEach(ArrayList.java:1596)
]]></error>
  </testcase>
  <testcase name="salvar" classname="com.leonardo.dao.ProdutoDAOTest" time="0.043"/>
  <testcase name="alterarCliente" classname="com.leonardo.dao.ProdutoDAOTest" time="0.083">
    <error message="ERRO ALTERANDO OBJETO " type="com.leonardo.exceptions.DAOException"><![CDATA[com.leonardo.exceptions.DAOException: ERRO ALTERANDO OBJETO 
	at com.leonardo.dao.generic.GenericDAO.alterar(GenericDAO.java:147)
	at com.leonardo.dao.ProdutoDAOTest.alterarCliente(ProdutoDAOTest.java:91)
	at java.base/java.lang.reflect.Method.invoke(Method.java:580)
	at java.base/java.util.ArrayList.forEach(ArrayList.java:1596)
	at java.base/java.util.ArrayList.forEach(ArrayList.java:1596)
Caused by: org.postgresql.util.PSQLException: ERRO: elemento incorreto após parâmetro em ou próximo a "$4QUANTIDADE_ESTOQUE"
  Posição: 68
	at org.postgresql.core.v3.QueryExecutorImpl.receiveErrorResponse(QueryExecutorImpl.java:2736)
	at org.postgresql.core.v3.QueryExecutorImpl.processResults(QueryExecutorImpl.java:2423)
	at org.postgresql.core.v3.QueryExecutorImpl.execute(QueryExecutorImpl.java:374)
	at org.postgresql.jdbc.PgStatement.executeInternal(PgStatement.java:518)
	at org.postgresql.jdbc.PgStatement.execute(PgStatement.java:435)
	at org.postgresql.jdbc.PgPreparedStatement.executeWithFlags(PgPreparedStatement.java:196)
	at org.postgresql.jdbc.PgPreparedStatement.executeUpdate(PgPreparedStatement.java:157)
	at com.leonardo.dao.generic.GenericDAO.alterar(GenericDAO.java:145)
	... 4 more
]]></error>
  </testcase>
  <testcase name="buscarTodos" classname="com.leonardo.dao.ProdutoDAOTest" time="0.132">
    <failure message="expected: &lt;true&gt; but was: &lt;false&gt;" type="org.opentest4j.AssertionFailedError"><![CDATA[org.opentest4j.AssertionFailedError: expected: <true> but was: <false>
	at org.junit.jupiter.api.AssertionFailureBuilder.build(AssertionFailureBuilder.java:151)
	at org.junit.jupiter.api.AssertionFailureBuilder.buildAndThrow(AssertionFailureBuilder.java:132)
	at org.junit.jupiter.api.AssertTrue.failNotTrue(AssertTrue.java:63)
	at org.junit.jupiter.api.AssertTrue.assertTrue(AssertTrue.java:36)
	at org.junit.jupiter.api.AssertTrue.assertTrue(AssertTrue.java:31)
	at org.junit.jupiter.api.Assertions.assertTrue(Assertions.java:179)
	at com.leonardo.dao.ProdutoDAOTest.buscarTodos(ProdutoDAOTest.java:107)
	at java.base/java.lang.reflect.Method.invoke(Method.java:580)
	at java.base/java.util.ArrayList.forEach(ArrayList.java:1596)
	at java.base/java.util.ArrayList.forEach(ArrayList.java:1596)
]]></failure>
  </testcase>
  <testcase name="pesquisar" classname="com.leonardo.dao.ProdutoDAOTest" time="0.042">
    <error message="ERRO CADASTRANDO OBJETO " type="com.leonardo.exceptions.DAOException"><![CDATA[com.leonardo.exceptions.DAOException: ERRO CADASTRANDO OBJETO 
	at com.leonardo.dao.generic.GenericDAO.cadastrar(GenericDAO.java:112)
	at com.leonardo.dao.ProdutoDAOTest.criarProduto(ProdutoDAOTest.java:49)
	at com.leonardo.dao.ProdutoDAOTest.pesquisar(ProdutoDAOTest.java:60)
	at java.base/java.lang.reflect.Method.invoke(Method.java:580)
	at java.base/java.util.ArrayList.forEach(ArrayList.java:1596)
	at java.base/java.util.ArrayList.forEach(ArrayList.java:1596)
Caused by: org.postgresql.util.PSQLException: ERRO: duplicar valor da chave viola a restrição de unicidade "uk_codigo_produto"
  Detalhe: Chave (codigo)=(A1) já existe.
	at org.postgresql.core.v3.QueryExecutorImpl.receiveErrorResponse(QueryExecutorImpl.java:2736)
	at org.postgresql.core.v3.QueryExecutorImpl.processResults(QueryExecutorImpl.java:2423)
	at org.postgresql.core.v3.QueryExecutorImpl.execute(QueryExecutorImpl.java:374)
	at org.postgresql.jdbc.PgStatement.executeInternal(PgStatement.java:518)
	at org.postgresql.jdbc.PgStatement.execute(PgStatement.java:435)
	at org.postgresql.jdbc.PgPreparedStatement.executeWithFlags(PgPreparedStatement.java:196)
	at org.postgresql.jdbc.PgPreparedStatement.executeUpdate(PgPreparedStatement.java:157)
	at com.leonardo.dao.generic.GenericDAO.cadastrar(GenericDAO.java:99)
	... 5 more
]]></error>
  </testcase>
</testsuite>