-------------------------------------------------------------------------------
Test set: com.leonardo.dao.VendaDAOTest
-------------------------------------------------------------------------------
Tests run: 11, Failures: 0, Errors: 11, Skipped: 0, Time elapsed: 1.967 s <<< FAILURE! -- in com.leonardo.dao.VendaDAOTest
com.leonardo.dao.VendaDAOTest.removerApenasUmProduto -- Time elapsed: 0.171 s <<< ERROR!
java.lang.NullPointerException: Cannot invoke "java.lang.Integer.intValue()" because the return value of "com.leonardo.domain.Produto.getQuantidadeEstoque()" is null
	at com.leonardo.infrastructure.dao.ProdutoDAO.setParametrosQueryInsercao(ProdutoDAO.java:71)
	at com.leonardo.infrastructure.dao.ProdutoDAO.setParametrosQueryInsercao(ProdutoDAO.java:22)
	at com.leonardo.infrastructure.dao.generic.GenericDAO.cadastrar(GenericDAO.java:98)
	at com.leonardo.dao.VendaDAOTest.cadastrarProduto(VendaDAOTest.java:293)
	at com.leonardo.dao.VendaDAOTest.init(VendaDAOTest.java:57)
	at java.base/java.lang.reflect.Method.invoke(Method.java:580)
	at java.base/java.util.ArrayList.forEach(ArrayList.java:1596)
	at java.base/java.util.ArrayList.forEach(ArrayList.java:1596)

com.leonardo.dao.VendaDAOTest.salvarVendaMesmoCodigoExistente -- Time elapsed: 0.274 s <<< ERROR!
java.lang.NullPointerException: Cannot invoke "java.lang.Integer.intValue()" because the return value of "com.leonardo.domain.Produto.getQuantidadeEstoque()" is null
	at com.leonardo.infrastructure.dao.ProdutoDAO.setParametrosQueryInsercao(ProdutoDAO.java:71)
	at com.leonardo.infrastructure.dao.ProdutoDAO.setParametrosQueryInsercao(ProdutoDAO.java:22)
	at com.leonardo.infrastructure.dao.generic.GenericDAO.cadastrar(GenericDAO.java:98)
	at com.leonardo.dao.VendaDAOTest.cadastrarProduto(VendaDAOTest.java:293)
	at com.leonardo.dao.VendaDAOTest.init(VendaDAOTest.java:57)
	at java.base/java.lang.reflect.Method.invoke(Method.java:580)
	at java.base/java.util.ArrayList.forEach(ArrayList.java:1596)
	at java.base/java.util.ArrayList.forEach(ArrayList.java:1596)

com.leonardo.dao.VendaDAOTest.finalizarVenda -- Time elapsed: 0.160 s <<< ERROR!
java.lang.NullPointerException: Cannot invoke "java.lang.Integer.intValue()" because the return value of "com.leonardo.domain.Produto.getQuantidadeEstoque()" is null
	at com.leonardo.infrastructure.dao.ProdutoDAO.setParametrosQueryInsercao(ProdutoDAO.java:71)
	at com.leonardo.infrastructure.dao.ProdutoDAO.setParametrosQueryInsercao(ProdutoDAO.java:22)
	at com.leonardo.infrastructure.dao.generic.GenericDAO.cadastrar(GenericDAO.java:98)
	at com.leonardo.dao.VendaDAOTest.cadastrarProduto(VendaDAOTest.java:293)
	at com.leonardo.dao.VendaDAOTest.init(VendaDAOTest.java:57)
	at java.base/java.lang.reflect.Method.invoke(Method.java:580)
	at java.base/java.util.ArrayList.forEach(ArrayList.java:1596)
	at java.base/java.util.ArrayList.forEach(ArrayList.java:1596)

com.leonardo.dao.VendaDAOTest.cancelarVenda -- Time elapsed: 0.151 s <<< ERROR!
java.lang.NullPointerException: Cannot invoke "java.lang.Integer.intValue()" because the return value of "com.leonardo.domain.Produto.getQuantidadeEstoque()" is null
	at com.leonardo.infrastructure.dao.ProdutoDAO.setParametrosQueryInsercao(ProdutoDAO.java:71)
	at com.leonardo.infrastructure.dao.ProdutoDAO.setParametrosQueryInsercao(ProdutoDAO.java:22)
	at com.leonardo.infrastructure.dao.generic.GenericDAO.cadastrar(GenericDAO.java:98)
	at com.leonardo.dao.VendaDAOTest.cadastrarProduto(VendaDAOTest.java:293)
	at com.leonardo.dao.VendaDAOTest.init(VendaDAOTest.java:57)
	at java.base/java.lang.reflect.Method.invoke(Method.java:580)
	at java.base/java.util.ArrayList.forEach(ArrayList.java:1596)
	at java.base/java.util.ArrayList.forEach(ArrayList.java:1596)

com.leonardo.dao.VendaDAOTest.salvar -- Time elapsed: 0.172 s <<< ERROR!
java.lang.NullPointerException: Cannot invoke "java.lang.Integer.intValue()" because the return value of "com.leonardo.domain.Produto.getQuantidadeEstoque()" is null
	at com.leonardo.infrastructure.dao.ProdutoDAO.setParametrosQueryInsercao(ProdutoDAO.java:71)
	at com.leonardo.infrastructure.dao.ProdutoDAO.setParametrosQueryInsercao(ProdutoDAO.java:22)
	at com.leonardo.infrastructure.dao.generic.GenericDAO.cadastrar(GenericDAO.java:98)
	at com.leonardo.dao.VendaDAOTest.cadastrarProduto(VendaDAOTest.java:293)
	at com.leonardo.dao.VendaDAOTest.init(VendaDAOTest.java:57)
	at java.base/java.lang.reflect.Method.invoke(Method.java:580)
	at java.base/java.util.ArrayList.forEach(ArrayList.java:1596)
	at java.base/java.util.ArrayList.forEach(ArrayList.java:1596)

com.leonardo.dao.VendaDAOTest.tentarAdicionarProdutosVendaFinalizada -- Time elapsed: 0.272 s <<< ERROR!
java.lang.NullPointerException: Cannot invoke "java.lang.Integer.intValue()" because the return value of "com.leonardo.domain.Produto.getQuantidadeEstoque()" is null
	at com.leonardo.infrastructure.dao.ProdutoDAO.setParametrosQueryInsercao(ProdutoDAO.java:71)
	at com.leonardo.infrastructure.dao.ProdutoDAO.setParametrosQueryInsercao(ProdutoDAO.java:22)
	at com.leonardo.infrastructure.dao.generic.GenericDAO.cadastrar(GenericDAO.java:98)
	at com.leonardo.dao.VendaDAOTest.cadastrarProduto(VendaDAOTest.java:293)
	at com.leonardo.dao.VendaDAOTest.init(VendaDAOTest.java:57)
	at java.base/java.lang.reflect.Method.invoke(Method.java:580)
	at java.base/java.util.ArrayList.forEach(ArrayList.java:1596)
	at java.base/java.util.ArrayList.forEach(ArrayList.java:1596)

com.leonardo.dao.VendaDAOTest.removerTodosProdutos -- Time elapsed: 0.153 s <<< ERROR!
java.lang.NullPointerException: Cannot invoke "java.lang.Integer.intValue()" because the return value of "com.leonardo.domain.Produto.getQuantidadeEstoque()" is null
	at com.leonardo.infrastructure.dao.ProdutoDAO.setParametrosQueryInsercao(ProdutoDAO.java:71)
	at com.leonardo.infrastructure.dao.ProdutoDAO.setParametrosQueryInsercao(ProdutoDAO.java:22)
	at com.leonardo.infrastructure.dao.generic.GenericDAO.cadastrar(GenericDAO.java:98)
	at com.leonardo.dao.VendaDAOTest.cadastrarProduto(VendaDAOTest.java:293)
	at com.leonardo.dao.VendaDAOTest.init(VendaDAOTest.java:57)
	at java.base/java.lang.reflect.Method.invoke(Method.java:580)
	at java.base/java.util.ArrayList.forEach(ArrayList.java:1596)
	at java.base/java.util.ArrayList.forEach(ArrayList.java:1596)

com.leonardo.dao.VendaDAOTest.adicionarMaisProdutosDiferentes -- Time elapsed: 0.150 s <<< ERROR!
java.lang.NullPointerException: Cannot invoke "java.lang.Integer.intValue()" because the return value of "com.leonardo.domain.Produto.getQuantidadeEstoque()" is null
	at com.leonardo.infrastructure.dao.ProdutoDAO.setParametrosQueryInsercao(ProdutoDAO.java:71)
	at com.leonardo.infrastructure.dao.ProdutoDAO.setParametrosQueryInsercao(ProdutoDAO.java:22)
	at com.leonardo.infrastructure.dao.generic.GenericDAO.cadastrar(GenericDAO.java:98)
	at com.leonardo.dao.VendaDAOTest.cadastrarProduto(VendaDAOTest.java:293)
	at com.leonardo.dao.VendaDAOTest.init(VendaDAOTest.java:57)
	at java.base/java.lang.reflect.Method.invoke(Method.java:580)
	at java.base/java.util.ArrayList.forEach(ArrayList.java:1596)
	at java.base/java.util.ArrayList.forEach(ArrayList.java:1596)

com.leonardo.dao.VendaDAOTest.adicionarMaisProdutosDoMesmo -- Time elapsed: 0.154 s <<< ERROR!
java.lang.NullPointerException: Cannot invoke "java.lang.Integer.intValue()" because the return value of "com.leonardo.domain.Produto.getQuantidadeEstoque()" is null
	at com.leonardo.infrastructure.dao.ProdutoDAO.setParametrosQueryInsercao(ProdutoDAO.java:71)
	at com.leonardo.infrastructure.dao.ProdutoDAO.setParametrosQueryInsercao(ProdutoDAO.java:22)
	at com.leonardo.infrastructure.dao.generic.GenericDAO.cadastrar(GenericDAO.java:98)
	at com.leonardo.dao.VendaDAOTest.cadastrarProduto(VendaDAOTest.java:293)
	at com.leonardo.dao.VendaDAOTest.init(VendaDAOTest.java:57)
	at java.base/java.lang.reflect.Method.invoke(Method.java:580)
	at java.base/java.util.ArrayList.forEach(ArrayList.java:1596)
	at java.base/java.util.ArrayList.forEach(ArrayList.java:1596)

com.leonardo.dao.VendaDAOTest.removerProduto -- Time elapsed: 0.148 s <<< ERROR!
java.lang.NullPointerException: Cannot invoke "java.lang.Integer.intValue()" because the return value of "com.leonardo.domain.Produto.getQuantidadeEstoque()" is null
	at com.leonardo.infrastructure.dao.ProdutoDAO.setParametrosQueryInsercao(ProdutoDAO.java:71)
	at com.leonardo.infrastructure.dao.ProdutoDAO.setParametrosQueryInsercao(ProdutoDAO.java:22)
	at com.leonardo.infrastructure.dao.generic.GenericDAO.cadastrar(GenericDAO.java:98)
	at com.leonardo.dao.VendaDAOTest.cadastrarProduto(VendaDAOTest.java:293)
	at com.leonardo.dao.VendaDAOTest.init(VendaDAOTest.java:57)
	at java.base/java.lang.reflect.Method.invoke(Method.java:580)
	at java.base/java.util.ArrayList.forEach(ArrayList.java:1596)
	at java.base/java.util.ArrayList.forEach(ArrayList.java:1596)

com.leonardo.dao.VendaDAOTest.pesquisar -- Time elapsed: 0.155 s <<< ERROR!
java.lang.NullPointerException: Cannot invoke "java.lang.Integer.intValue()" because the return value of "com.leonardo.domain.Produto.getQuantidadeEstoque()" is null
	at com.leonardo.infrastructure.dao.ProdutoDAO.setParametrosQueryInsercao(ProdutoDAO.java:71)
	at com.leonardo.infrastructure.dao.ProdutoDAO.setParametrosQueryInsercao(ProdutoDAO.java:22)
	at com.leonardo.infrastructure.dao.generic.GenericDAO.cadastrar(GenericDAO.java:98)
	at com.leonardo.dao.VendaDAOTest.cadastrarProduto(VendaDAOTest.java:293)
	at com.leonardo.dao.VendaDAOTest.init(VendaDAOTest.java:57)
	at java.base/java.lang.reflect.Method.invoke(Method.java:580)
	at java.base/java.util.ArrayList.forEach(ArrayList.java:1596)
	at java.base/java.util.ArrayList.forEach(ArrayList.java:1596)

