<?xml version="1.0" encoding="UTF-8"?>
<testsuite xmlns:xsi="http://www.w3.org/2001/XMLSchema-instance" xsi:noNamespaceSchemaLocation="https://maven.apache.org/surefire/maven-surefire-plugin/xsd/surefire-test-report-3.0.xsd" version="3.0" name="com.leonardo.jpa.VendaJpaDAOTest" time="0.012" tests="11" errors="11" skipped="0" failures="0">
  <properties>
[...]
</properties>
  <testcase name="removerApenasUmProduto" classname="com.leonardo.jpa.VendaJpaDAOTest" time="0.001">
    <error message="Cannot invoke &quot;com.leonardo.gateway.jpa.IClienteJPAGateway.cadastrar(com.leonardo.infrastructure.dao.Persistente)&quot; because &quot;this.clienteDao&quot; is null" type="java.lang.NullPointerException"><![CDATA[java.lang.NullPointerException: Cannot invoke "com.leonardo.gateway.jpa.IClienteJPAGateway.cadastrar(com.leonardo.infrastructure.dao.Persistente)" because "this.clienteDao" is null
	at com.leonardo.jpa.VendaJpaDAOTest.cadastrarCliente(VendaJpaDAOTest.java:345)
	at com.leonardo.jpa.VendaJpaDAOTest.init(VendaJpaDAOTest.java:63)
	at java.base/java.lang.reflect.Method.invoke(Method.java:580)
	at java.base/java.util.ArrayList.forEach(ArrayList.java:1596)
	at java.base/java.util.ArrayList.forEach(ArrayList.java:1596)
	Suppressed: java.lang.NullPointerException: Cannot invoke "com.leonardo.gateway.jpa.IVendaJPAGateway.buscarTodos()" because "this.vendaExclusaoDao" is null
		at com.leonardo.jpa.VendaJpaDAOTest.excluirVendas(VendaJpaDAOTest.java:314)
		at com.leonardo.jpa.VendaJpaDAOTest.end(VendaJpaDAOTest.java:69)
		... 3 more
]]></error>
  </testcase>
  <testcase name="salvarVendaMesmoCodigoExistente" classname="com.leonardo.jpa.VendaJpaDAOTest" time="0.0">
    <error message="Cannot invoke &quot;com.leonardo.gateway.jpa.IClienteJPAGateway.cadastrar(com.leonardo.infrastructure.dao.Persistente)&quot; because &quot;this.clienteDao&quot; is null" type="java.lang.NullPointerException"><![CDATA[java.lang.NullPointerException: Cannot invoke "com.leonardo.gateway.jpa.IClienteJPAGateway.cadastrar(com.leonardo.infrastructure.dao.Persistente)" because "this.clienteDao" is null
	at com.leonardo.jpa.VendaJpaDAOTest.cadastrarCliente(VendaJpaDAOTest.java:345)
	at com.leonardo.jpa.VendaJpaDAOTest.init(VendaJpaDAOTest.java:63)
	at java.base/java.lang.reflect.Method.invoke(Method.java:580)
	at java.base/java.util.ArrayList.forEach(ArrayList.java:1596)
	at java.base/java.util.ArrayList.forEach(ArrayList.java:1596)
	Suppressed: java.lang.NullPointerException: Cannot invoke "com.leonardo.gateway.jpa.IVendaJPAGateway.buscarTodos()" because "this.vendaExclusaoDao" is null
		at com.leonardo.jpa.VendaJpaDAOTest.excluirVendas(VendaJpaDAOTest.java:314)
		at com.leonardo.jpa.VendaJpaDAOTest.end(VendaJpaDAOTest.java:69)
		... 3 more
]]></error>
  </testcase>
  <testcase name="finalizarVenda" classname="com.leonardo.jpa.VendaJpaDAOTest" time="0.0">
    <error message="Cannot invoke &quot;com.leonardo.gateway.jpa.IClienteJPAGateway.cadastrar(com.leonardo.infrastructure.dao.Persistente)&quot; because &quot;this.clienteDao&quot; is null" type="java.lang.NullPointerException"><![CDATA[java.lang.NullPointerException: Cannot invoke "com.leonardo.gateway.jpa.IClienteJPAGateway.cadastrar(com.leonardo.infrastructure.dao.Persistente)" because "this.clienteDao" is null
	at com.leonardo.jpa.VendaJpaDAOTest.cadastrarCliente(VendaJpaDAOTest.java:345)
	at com.leonardo.jpa.VendaJpaDAOTest.init(VendaJpaDAOTest.java:63)
	at java.base/java.lang.reflect.Method.invoke(Method.java:580)
	at java.base/java.util.ArrayList.forEach(ArrayList.java:1596)
	at java.base/java.util.ArrayList.forEach(ArrayList.java:1596)
	Suppressed: java.lang.NullPointerException: Cannot invoke "com.leonardo.gateway.jpa.IVendaJPAGateway.buscarTodos()" because "this.vendaExclusaoDao" is null
		at com.leonardo.jpa.VendaJpaDAOTest.excluirVendas(VendaJpaDAOTest.java:314)
		at com.leonardo.jpa.VendaJpaDAOTest.end(VendaJpaDAOTest.java:69)
		... 3 more
]]></error>
  </testcase>
  <testcase name="cancelarVenda" classname="com.leonardo.jpa.VendaJpaDAOTest" time="0.001">
    <error message="Cannot invoke &quot;com.leonardo.gateway.jpa.IClienteJPAGateway.cadastrar(com.leonardo.infrastructure.dao.Persistente)&quot; because &quot;this.clienteDao&quot; is null" type="java.lang.NullPointerException"><![CDATA[java.lang.NullPointerException: Cannot invoke "com.leonardo.gateway.jpa.IClienteJPAGateway.cadastrar(com.leonardo.infrastructure.dao.Persistente)" because "this.clienteDao" is null
	at com.leonardo.jpa.VendaJpaDAOTest.cadastrarCliente(VendaJpaDAOTest.java:345)
	at com.leonardo.jpa.VendaJpaDAOTest.init(VendaJpaDAOTest.java:63)
	at java.base/java.lang.reflect.Method.invoke(Method.java:580)
	at java.base/java.util.ArrayList.forEach(ArrayList.java:1596)
	at java.base/java.util.ArrayList.forEach(ArrayList.java:1596)
	Suppressed: java.lang.NullPointerException: Cannot invoke "com.leonardo.gateway.jpa.IVendaJPAGateway.buscarTodos()" because "this.vendaExclusaoDao" is null
		at com.leonardo.jpa.VendaJpaDAOTest.excluirVendas(VendaJpaDAOTest.java:314)
		at com.leonardo.jpa.VendaJpaDAOTest.end(VendaJpaDAOTest.java:69)
		... 3 more
]]></error>
  </testcase>
  <testcase name="salvar" classname="com.leonardo.jpa.VendaJpaDAOTest" time="0.001">
    <error message="Cannot invoke &quot;com.leonardo.gateway.jpa.IClienteJPAGateway.cadastrar(com.leonardo.infrastructure.dao.Persistente)&quot; because &quot;this.clienteDao&quot; is null" type="java.lang.NullPointerException"><![CDATA[java.lang.NullPointerException: Cannot invoke "com.leonardo.gateway.jpa.IClienteJPAGateway.cadastrar(com.leonardo.infrastructure.dao.Persistente)" because "this.clienteDao" is null
	at com.leonardo.jpa.VendaJpaDAOTest.cadastrarCliente(VendaJpaDAOTest.java:345)
	at com.leonardo.jpa.VendaJpaDAOTest.init(VendaJpaDAOTest.java:63)
	at java.base/java.lang.reflect.Method.invoke(Method.java:580)
	at java.base/java.util.ArrayList.forEach(ArrayList.java:1596)
	at java.base/java.util.ArrayList.forEach(ArrayList.java:1596)
	Suppressed: java.lang.NullPointerException: Cannot invoke "com.leonardo.gateway.jpa.IVendaJPAGateway.buscarTodos()" because "this.vendaExclusaoDao" is null
		at com.leonardo.jpa.VendaJpaDAOTest.excluirVendas(VendaJpaDAOTest.java:314)
		at com.leonardo.jpa.VendaJpaDAOTest.end(VendaJpaDAOTest.java:69)
		... 3 more
]]></error>
  </testcase>
  <testcase name="tentarAdicionarProdutosVendaFinalizada" classname="com.leonardo.jpa.VendaJpaDAOTest" time="0.001">
    <error message="Cannot invoke &quot;com.leonardo.gateway.jpa.IClienteJPAGateway.cadastrar(com.leonardo.infrastructure.dao.Persistente)&quot; because &quot;this.clienteDao&quot; is null" type="java.lang.NullPointerException"><![CDATA[java.lang.NullPointerException: Cannot invoke "com.leonardo.gateway.jpa.IClienteJPAGateway.cadastrar(com.leonardo.infrastructure.dao.Persistente)" because "this.clienteDao" is null
	at com.leonardo.jpa.VendaJpaDAOTest.cadastrarCliente(VendaJpaDAOTest.java:345)
	at com.leonardo.jpa.VendaJpaDAOTest.init(VendaJpaDAOTest.java:63)
	at java.base/java.lang.reflect.Method.invoke(Method.java:580)
	at java.base/java.util.ArrayList.forEach(ArrayList.java:1596)
	at java.base/java.util.ArrayList.forEach(ArrayList.java:1596)
	Suppressed: java.lang.NullPointerException: Cannot invoke "com.leonardo.gateway.jpa.IVendaJPAGateway.buscarTodos()" because "this.vendaExclusaoDao" is null
		at com.leonardo.jpa.VendaJpaDAOTest.excluirVendas(VendaJpaDAOTest.java:314)
		at com.leonardo.jpa.VendaJpaDAOTest.end(VendaJpaDAOTest.java:69)
		... 3 more
]]></error>
  </testcase>
  <testcase name="removerTodosProdutos" classname="com.leonardo.jpa.VendaJpaDAOTest" time="0.001">
    <error message="Cannot invoke &quot;com.leonardo.gateway.jpa.IClienteJPAGateway.cadastrar(com.leonardo.infrastructure.dao.Persistente)&quot; because &quot;this.clienteDao&quot; is null" type="java.lang.NullPointerException"><![CDATA[java.lang.NullPointerException: Cannot invoke "com.leonardo.gateway.jpa.IClienteJPAGateway.cadastrar(com.leonardo.infrastructure.dao.Persistente)" because "this.clienteDao" is null
	at com.leonardo.jpa.VendaJpaDAOTest.cadastrarCliente(VendaJpaDAOTest.java:345)
	at com.leonardo.jpa.VendaJpaDAOTest.init(VendaJpaDAOTest.java:63)
	at java.base/java.lang.reflect.Method.invoke(Method.java:580)
	at java.base/java.util.ArrayList.forEach(ArrayList.java:1596)
	at java.base/java.util.ArrayList.forEach(ArrayList.java:1596)
	Suppressed: java.lang.NullPointerException: Cannot invoke "com.leonardo.gateway.jpa.IVendaJPAGateway.buscarTodos()" because "this.vendaExclusaoDao" is null
		at com.leonardo.jpa.VendaJpaDAOTest.excluirVendas(VendaJpaDAOTest.java:314)
		at com.leonardo.jpa.VendaJpaDAOTest.end(VendaJpaDAOTest.java:69)
		... 3 more
]]></error>
  </testcase>
  <testcase name="adicionarMaisProdutosDiferentes" classname="com.leonardo.jpa.VendaJpaDAOTest" time="0.001">
    <error message="Cannot invoke &quot;com.leonardo.gateway.jpa.IClienteJPAGateway.cadastrar(com.leonardo.infrastructure.dao.Persistente)&quot; because &quot;this.clienteDao&quot; is null" type="java.lang.NullPointerException"><![CDATA[java.lang.NullPointerException: Cannot invoke "com.leonardo.gateway.jpa.IClienteJPAGateway.cadastrar(com.leonardo.infrastructure.dao.Persistente)" because "this.clienteDao" is null
	at com.leonardo.jpa.VendaJpaDAOTest.cadastrarCliente(VendaJpaDAOTest.java:345)
	at com.leonardo.jpa.VendaJpaDAOTest.init(VendaJpaDAOTest.java:63)
	at java.base/java.lang.reflect.Method.invoke(Method.java:580)
	at java.base/java.util.ArrayList.forEach(ArrayList.java:1596)
	at java.base/java.util.ArrayList.forEach(ArrayList.java:1596)
	Suppressed: java.lang.NullPointerException: Cannot invoke "com.leonardo.gateway.jpa.IVendaJPAGateway.buscarTodos()" because "this.vendaExclusaoDao" is null
		at com.leonardo.jpa.VendaJpaDAOTest.excluirVendas(VendaJpaDAOTest.java:314)
		at com.leonardo.jpa.VendaJpaDAOTest.end(VendaJpaDAOTest.java:69)
		... 3 more
]]></error>
  </testcase>
  <testcase name="adicionarMaisProdutosDoMesmo" classname="com.leonardo.jpa.VendaJpaDAOTest" time="0.001">
    <error message="Cannot invoke &quot;com.leonardo.gateway.jpa.IClienteJPAGateway.cadastrar(com.leonardo.infrastructure.dao.Persistente)&quot; because &quot;this.clienteDao&quot; is null" type="java.lang.NullPointerException"><![CDATA[java.lang.NullPointerException: Cannot invoke "com.leonardo.gateway.jpa.IClienteJPAGateway.cadastrar(com.leonardo.infrastructure.dao.Persistente)" because "this.clienteDao" is null
	at com.leonardo.jpa.VendaJpaDAOTest.cadastrarCliente(VendaJpaDAOTest.java:345)
	at com.leonardo.jpa.VendaJpaDAOTest.init(VendaJpaDAOTest.java:63)
	at java.base/java.lang.reflect.Method.invoke(Method.java:580)
	at java.base/java.util.ArrayList.forEach(ArrayList.java:1596)
	at java.base/java.util.ArrayList.forEach(ArrayList.java:1596)
	Suppressed: java.lang.NullPointerException: Cannot invoke "com.leonardo.gateway.jpa.IVendaJPAGateway.buscarTodos()" because "this.vendaExclusaoDao" is null
		at com.leonardo.jpa.VendaJpaDAOTest.excluirVendas(VendaJpaDAOTest.java:314)
		at com.leonardo.jpa.VendaJpaDAOTest.end(VendaJpaDAOTest.java:69)
		... 3 more
]]></error>
  </testcase>
  <testcase name="removerProduto" classname="com.leonardo.jpa.VendaJpaDAOTest" time="0.001">
    <error message="Cannot invoke &quot;com.leonardo.gateway.jpa.IClienteJPAGateway.cadastrar(com.leonardo.infrastructure.dao.Persistente)&quot; because &quot;this.clienteDao&quot; is null" type="java.lang.NullPointerException"><![CDATA[java.lang.NullPointerException: Cannot invoke "com.leonardo.gateway.jpa.IClienteJPAGateway.cadastrar(com.leonardo.infrastructure.dao.Persistente)" because "this.clienteDao" is null
	at com.leonardo.jpa.VendaJpaDAOTest.cadastrarCliente(VendaJpaDAOTest.java:345)
	at com.leonardo.jpa.VendaJpaDAOTest.init(VendaJpaDAOTest.java:63)
	at java.base/java.lang.reflect.Method.invoke(Method.java:580)
	at java.base/java.util.ArrayList.forEach(ArrayList.java:1596)
	at java.base/java.util.ArrayList.forEach(ArrayList.java:1596)
	Suppressed: java.lang.NullPointerException: Cannot invoke "com.leonardo.gateway.jpa.IVendaJPAGateway.buscarTodos()" because "this.vendaExclusaoDao" is null
		at com.leonardo.jpa.VendaJpaDAOTest.excluirVendas(VendaJpaDAOTest.java:314)
		at com.leonardo.jpa.VendaJpaDAOTest.end(VendaJpaDAOTest.java:69)
		... 3 more
]]></error>
  </testcase>
  <testcase name="pesquisar" classname="com.leonardo.jpa.VendaJpaDAOTest" time="0.0">
    <error message="Cannot invoke &quot;com.leonardo.gateway.jpa.IClienteJPAGateway.cadastrar(com.leonardo.infrastructure.dao.Persistente)&quot; because &quot;this.clienteDao&quot; is null" type="java.lang.NullPointerException"><![CDATA[java.lang.NullPointerException: Cannot invoke "com.leonardo.gateway.jpa.IClienteJPAGateway.cadastrar(com.leonardo.infrastructure.dao.Persistente)" because "this.clienteDao" is null
	at com.leonardo.jpa.VendaJpaDAOTest.cadastrarCliente(VendaJpaDAOTest.java:345)
	at com.leonardo.jpa.VendaJpaDAOTest.init(VendaJpaDAOTest.java:63)
	at java.base/java.lang.reflect.Method.invoke(Method.java:580)
	at java.base/java.util.ArrayList.forEach(ArrayList.java:1596)
	at java.base/java.util.ArrayList.forEach(ArrayList.java:1596)
	Suppressed: java.lang.NullPointerException: Cannot invoke "com.leonardo.gateway.jpa.IVendaJPAGateway.buscarTodos()" because "this.vendaExclusaoDao" is null
		at com.leonardo.jpa.VendaJpaDAOTest.excluirVendas(VendaJpaDAOTest.java:314)
		at com.leonardo.jpa.VendaJpaDAOTest.end(VendaJpaDAOTest.java:69)
		... 3 more
]]></error>
  </testcase>
</testsuite>