-------------------------------------------------------------------------------
Test set: com.leonardo.dao.ClienteServiceTest
-------------------------------------------------------------------------------
Tests run: 4, Failures: 0, Errors: 4, Skipped: 0, Time elapsed: 0.056 s <<< FAILURE! -- in com.leonardo.dao.ClienteServiceTest
com.leonardo.dao.ClienteServiceTest.salvarCliente -- Time elapsed: 0.016 s <<< ERROR!
java.lang.UnsupportedOperationException: Unimplemented method 'cadastrar'
	at com.leonardo.mock.ClienteDAOMock.cadastrar(ClienteDAOMock.java:18)
	at com.leonardo.mock.ClienteDAOMock.cadastrar(ClienteDAOMock.java:13)
	at com.leonardo.service.generic.GenericService.cadastrar(GenericService.java:35)
	at com.leonardo.dao.ClienteServiceTest.salvarCliente(ClienteServiceTest.java:47)
	at java.base/java.lang.reflect.Method.invoke(Method.java:580)
	at java.base/java.util.ArrayList.forEach(ArrayList.java:1596)
	at java.base/java.util.ArrayList.forEach(ArrayList.java:1596)

com.leonardo.dao.ClienteServiceTest.excluirCliente -- Time elapsed: 0.002 s <<< ERROR!
java.lang.UnsupportedOperationException: Unimplemented method 'excluir'
	at com.leonardo.mock.ClienteDAOMock.excluir(ClienteDAOMock.java:24)
	at com.leonardo.mock.ClienteDAOMock.excluir(ClienteDAOMock.java:13)
	at com.leonardo.service.generic.GenericService.excluir(GenericService.java:40)
	at com.leonardo.dao.ClienteServiceTest.excluirCliente(ClienteServiceTest.java:54)
	at java.base/java.lang.reflect.Method.invoke(Method.java:580)
	at java.base/java.util.ArrayList.forEach(ArrayList.java:1596)
	at java.base/java.util.ArrayList.forEach(ArrayList.java:1596)

com.leonardo.dao.ClienteServiceTest.pesquisarCliente -- Time elapsed: 0.001 s <<< ERROR!
java.lang.UnsupportedOperationException: Unimplemented method 'consultar'
	at com.leonardo.mock.ClienteDAOMock.consultar(ClienteDAOMock.java:36)
	at com.leonardo.mock.ClienteDAOMock.consultar(ClienteDAOMock.java:13)
	at com.leonardo.service.cliente.ClienteService.buscarPorID(ClienteService.java:36)
	at com.leonardo.dao.ClienteServiceTest.pesquisarCliente(ClienteServiceTest.java:41)
	at java.base/java.lang.reflect.Method.invoke(Method.java:580)
	at java.base/java.util.ArrayList.forEach(ArrayList.java:1596)
	at java.base/java.util.ArrayList.forEach(ArrayList.java:1596)

com.leonardo.dao.ClienteServiceTest.alterarCliente -- Time elapsed: 0.002 s <<< ERROR!
java.lang.UnsupportedOperationException: Unimplemented method 'alterar'
	at com.leonardo.mock.ClienteDAOMock.alterar(ClienteDAOMock.java:30)
	at com.leonardo.mock.ClienteDAOMock.alterar(ClienteDAOMock.java:13)
	at com.leonardo.service.generic.GenericService.alterar(GenericService.java:45)
	at com.leonardo.dao.ClienteServiceTest.alterarCliente(ClienteServiceTest.java:60)
	at java.base/java.lang.reflect.Method.invoke(Method.java:580)
	at java.base/java.util.ArrayList.forEach(ArrayList.java:1596)
	at java.base/java.util.ArrayList.forEach(ArrayList.java:1596)

