<?xml version="1.0" encoding="UTF-8"?>
<testsuite xmlns:xsi="http://www.w3.org/2001/XMLSchema-instance" xsi:noNamespaceSchemaLocation="https://maven.apache.org/surefire/maven-surefire-plugin/xsd/surefire-test-report-3.0.xsd" version="3.0" name="com.leonardo.dao.ProdutoServiceTest" time="0.505" tests="4" errors="2" skipped="0" failures="1">
  <properties>
[...]
</properties>
  <testcase name="excluir" classname="com.leonardo.dao.ProdutoServiceTest" time="0.274"/>
  <testcase name="salvar" classname="com.leonardo.dao.ProdutoServiceTest" time="0.049">
    <error message="Cannot invoke &quot;java.lang.Integer.intValue()&quot; because the return value of &quot;com.leonardo.domain.Produto.getQuantidadeEstoque()&quot; is null" type="java.lang.NullPointerException"><![CDATA[java.lang.NullPointerException: Cannot invoke "java.lang.Integer.intValue()" because the return value of "com.leonardo.domain.Produto.getQuantidadeEstoque()" is null
	at com.leonardo.infrastructure.dao.produto.ProdutoDAO.setParametrosQueryInsercao(ProdutoDAO.java:71)
	at com.leonardo.infrastructure.dao.produto.ProdutoDAO.setParametrosQueryInsercao(ProdutoDAO.java:22)
	at com.leonardo.infrastructure.dao.generic.GenericDAO.cadastrar(GenericDAO.java:98)
	at com.leonardo.service.generic.GenericService.cadastrar(GenericService.java:35)
	at com.leonardo.dao.ProdutoServiceTest.salvar(ProdutoServiceTest.java:44)
	at java.base/java.lang.reflect.Method.invoke(Method.java:580)
	at java.base/java.util.ArrayList.forEach(ArrayList.java:1596)
	at java.base/java.util.ArrayList.forEach(ArrayList.java:1596)
]]></error>
  </testcase>
  <testcase name="alterarCliente" classname="com.leonardo.dao.ProdutoServiceTest" time="0.04">
    <error message="Cannot invoke &quot;java.lang.Integer.intValue()&quot; because the return value of &quot;com.leonardo.domain.Produto.getQuantidadeEstoque()&quot; is null" type="java.lang.NullPointerException"><![CDATA[java.lang.NullPointerException: Cannot invoke "java.lang.Integer.intValue()" because the return value of "com.leonardo.domain.Produto.getQuantidadeEstoque()" is null
	at com.leonardo.infrastructure.dao.produto.ProdutoDAO.setParametrosQueryAtualizacao(ProdutoDAO.java:85)
	at com.leonardo.infrastructure.dao.produto.ProdutoDAO.setParametrosQueryAtualizacao(ProdutoDAO.java:22)
	at com.leonardo.infrastructure.dao.generic.GenericDAO.alterar(GenericDAO.java:144)
	at com.leonardo.service.generic.GenericService.alterar(GenericService.java:45)
	at com.leonardo.dao.ProdutoServiceTest.alterarCliente(ProdutoServiceTest.java:56)
	at java.base/java.lang.reflect.Method.invoke(Method.java:580)
	at java.base/java.util.ArrayList.forEach(ArrayList.java:1596)
	at java.base/java.util.ArrayList.forEach(ArrayList.java:1596)
]]></error>
  </testcase>
  <testcase name="pesquisar" classname="com.leonardo.dao.ProdutoServiceTest" time="0.111">
    <failure message="expected: not &lt;null&gt;" type="org.opentest4j.AssertionFailedError"><![CDATA[org.opentest4j.AssertionFailedError: expected: not <null>
	at org.junit.jupiter.api.AssertionFailureBuilder.build(AssertionFailureBuilder.java:152)
	at org.junit.jupiter.api.AssertionFailureBuilder.buildAndThrow(AssertionFailureBuilder.java:132)
	at org.junit.jupiter.api.AssertNotNull.failNull(AssertNotNull.java:49)
	at org.junit.jupiter.api.AssertNotNull.assertNotNull(AssertNotNull.java:35)
	at org.junit.jupiter.api.AssertNotNull.assertNotNull(AssertNotNull.java:30)
	at org.junit.jupiter.api.Assertions.assertNotNull(Assertions.java:300)
	at com.leonardo.dao.ProdutoServiceTest.pesquisar(ProdutoServiceTest.java:39)
	at java.base/java.lang.reflect.Method.invoke(Method.java:580)
	at java.base/java.util.ArrayList.forEach(ArrayList.java:1596)
	at java.base/java.util.ArrayList.forEach(ArrayList.java:1596)
]]></failure>
  </testcase>
</testsuite>