<?xml version="1.0" encoding="UTF-8"?>
<testsuite xmlns:xsi="http://www.w3.org/2001/XMLSchema-instance" xsi:noNamespaceSchemaLocation="https://maven.apache.org/surefire/maven-surefire-plugin/xsd/surefire-test-report-3.0.xsd" version="3.0" name="com.leonardo.dao.ProdutoDAOTest" time="0.186" tests="5" errors="5" skipped="0" failures="0">
  <properties>
[...]
</properties>
  <testcase name="excluirProduto" classname="com.leonardo.dao.ProdutoDAOTest" time="0.02">
    <error message="ERRO CADASTRANDO OBJETO " type="com.leonardo.exceptions.DAOException"><![CDATA[com.leonardo.exceptions.DAOException: ERRO CADASTRANDO OBJETO 
	at com.leonardo.infrastructure.dao.generic.GenericDAO.cadastrar(GenericDAO.java:112)
	at com.leonardo.dao.ProdutoDAOTest.excluirProduto(ProdutoDAOTest.java:143)
	at java.base/java.lang.reflect.Method.invoke(Method.java:580)
	at java.base/java.util.ArrayList.forEach(ArrayList.java:1596)
	at java.base/java.util.ArrayList.forEach(ArrayList.java:1596)
Caused by: org.postgresql.util.PSQLException: ERRO: o valor nulo na coluna "ativo" da relação "tb_produto" viola a restrição de não-nulo
  Detalhe: Registro que falhou contém (134, 0b80b66b-, Sleek Aluminum Bag, Neque veniam rem molestiae animi et qui aperiam et amet fugit ve..., 13.34, 1, null).
	at org.postgresql.core.v3.QueryExecutorImpl.receiveErrorResponse(QueryExecutorImpl.java:2736)
	at org.postgresql.core.v3.QueryExecutorImpl.processResults(QueryExecutorImpl.java:2423)
	at org.postgresql.core.v3.QueryExecutorImpl.execute(QueryExecutorImpl.java:374)
	at org.postgresql.jdbc.PgStatement.executeInternal(PgStatement.java:518)
	at org.postgresql.jdbc.PgStatement.execute(PgStatement.java:435)
	at org.postgresql.jdbc.PgPreparedStatement.executeWithFlags(PgPreparedStatement.java:196)
	at org.postgresql.jdbc.PgPreparedStatement.executeUpdate(PgPreparedStatement.java:157)
	at com.leonardo.infrastructure.dao.generic.GenericDAO.cadastrar(GenericDAO.java:99)
	... 4 more
]]></error>
  </testcase>
  <testcase name="excluirProduto" classname="com.leonardo.dao.ProdutoDAOTest" time="0.005">
    <error message="ERRO CADASTRANDO OBJETO " type="com.leonardo.exceptions.DAOException"><![CDATA[com.leonardo.exceptions.DAOException: ERRO CADASTRANDO OBJETO 
	at com.leonardo.infrastructure.dao.generic.GenericDAO.cadastrar(GenericDAO.java:112)
	at com.leonardo.dao.ProdutoDAOTest.excluirProduto(ProdutoDAOTest.java:143)
	at java.base/java.lang.reflect.Method.invoke(Method.java:580)
	at java.base/java.util.ArrayList.forEach(ArrayList.java:1596)
	at java.base/java.util.ArrayList.forEach(ArrayList.java:1596)
Caused by: org.postgresql.util.PSQLException: ERRO: o valor nulo na coluna "ativo" da relação "tb_produto" viola a restrição de não-nulo
  Detalhe: Registro que falhou contém (139, 9a5406bb-, Mediocre Wooden Shoes, Vel fugiat aut expedita tenetur molestias eos voluptates quibusd..., 593.58, 1, null).
	at org.postgresql.core.v3.QueryExecutorImpl.receiveErrorResponse(QueryExecutorImpl.java:2736)
	at org.postgresql.core.v3.QueryExecutorImpl.processResults(QueryExecutorImpl.java:2423)
	at org.postgresql.core.v3.QueryExecutorImpl.execute(QueryExecutorImpl.java:374)
	at org.postgresql.jdbc.PgStatement.executeInternal(PgStatement.java:518)
	at org.postgresql.jdbc.PgStatement.execute(PgStatement.java:435)
	at org.postgresql.jdbc.PgPreparedStatement.executeWithFlags(PgPreparedStatement.java:196)
	at org.postgresql.jdbc.PgPreparedStatement.executeUpdate(PgPreparedStatement.java:157)
	at com.leonardo.infrastructure.dao.generic.GenericDAO.cadastrar(GenericDAO.java:99)
	... 4 more
]]></error>
  </testcase>
  <testcase name="pesquisarProduto" classname="com.leonardo.dao.ProdutoDAOTest" time="0.054">
    <error message="ERRO CADASTRANDO OBJETO " type="com.leonardo.exceptions.DAOException"><![CDATA[com.leonardo.exceptions.DAOException: ERRO CADASTRANDO OBJETO 
	at com.leonardo.infrastructure.dao.generic.GenericDAO.cadastrar(GenericDAO.java:112)
	at com.leonardo.dao.ProdutoDAOTest.pesquisarProduto(ProdutoDAOTest.java:76)
	at java.base/java.lang.reflect.Method.invoke(Method.java:580)
	at java.base/java.util.ArrayList.forEach(ArrayList.java:1596)
	at java.base/java.util.ArrayList.forEach(ArrayList.java:1596)
Caused by: org.postgresql.util.PSQLException: ERRO: o valor nulo na coluna "ativo" da relação "tb_produto" viola a restrição de não-nulo
  Detalhe: Registro que falhou contém (135, 9f809e32-, Fantastic Marble Car, Veniam numquam temporibus voluptatem quis dolores laborum suscip..., 121.79, 1, null).
	at org.postgresql.core.v3.QueryExecutorImpl.receiveErrorResponse(QueryExecutorImpl.java:2736)
	at org.postgresql.core.v3.QueryExecutorImpl.processResults(QueryExecutorImpl.java:2423)
	at org.postgresql.core.v3.QueryExecutorImpl.execute(QueryExecutorImpl.java:374)
	at org.postgresql.jdbc.PgStatement.executeInternal(PgStatement.java:518)
	at org.postgresql.jdbc.PgStatement.execute(PgStatement.java:435)
	at org.postgresql.jdbc.PgPreparedStatement.executeWithFlags(PgPreparedStatement.java:196)
	at org.postgresql.jdbc.PgPreparedStatement.executeUpdate(PgPreparedStatement.java:157)
	at com.leonardo.infrastructure.dao.generic.GenericDAO.cadastrar(GenericDAO.java:99)
	... 4 more
]]></error>
  </testcase>
  <testcase name="pesquisarProduto" classname="com.leonardo.dao.ProdutoDAOTest" time="0.042">
    <error message="ERRO CADASTRANDO OBJETO " type="com.leonardo.exceptions.DAOException"><![CDATA[com.leonardo.exceptions.DAOException: ERRO CADASTRANDO OBJETO 
	at com.leonardo.infrastructure.dao.generic.GenericDAO.cadastrar(GenericDAO.java:112)
	at com.leonardo.dao.ProdutoDAOTest.pesquisarProduto(ProdutoDAOTest.java:76)
	at java.base/java.lang.reflect.Method.invoke(Method.java:580)
	at java.base/java.util.ArrayList.forEach(ArrayList.java:1596)
	at java.base/java.util.ArrayList.forEach(ArrayList.java:1596)
Caused by: org.postgresql.util.PSQLException: ERRO: o valor nulo na coluna "ativo" da relação "tb_produto" viola a restrição de não-nulo
  Detalhe: Registro que falhou contém (140, 58a269ae-, Heavy Duty Iron Plate, Cupiditate provident molestiae laborum ut non et quia ut ut itaq..., 184.49, 1, null).
	at org.postgresql.core.v3.QueryExecutorImpl.receiveErrorResponse(QueryExecutorImpl.java:2736)
	at org.postgresql.core.v3.QueryExecutorImpl.processResults(QueryExecutorImpl.java:2423)
	at org.postgresql.core.v3.QueryExecutorImpl.execute(QueryExecutorImpl.java:374)
	at org.postgresql.jdbc.PgStatement.executeInternal(PgStatement.java:518)
	at org.postgresql.jdbc.PgStatement.execute(PgStatement.java:435)
	at org.postgresql.jdbc.PgPreparedStatement.executeWithFlags(PgPreparedStatement.java:196)
	at org.postgresql.jdbc.PgPreparedStatement.executeUpdate(PgPreparedStatement.java:157)
	at com.leonardo.infrastructure.dao.generic.GenericDAO.cadastrar(GenericDAO.java:99)
	... 4 more
]]></error>
  </testcase>
  <testcase name="alterarProduto" classname="com.leonardo.dao.ProdutoDAOTest" time="0.046">
    <error message="ERRO CADASTRANDO OBJETO " type="com.leonardo.exceptions.DAOException"><![CDATA[com.leonardo.exceptions.DAOException: ERRO CADASTRANDO OBJETO 
	at com.leonardo.infrastructure.dao.generic.GenericDAO.cadastrar(GenericDAO.java:112)
	at com.leonardo.dao.ProdutoDAOTest.alterarProduto(ProdutoDAOTest.java:175)
	at java.base/java.lang.reflect.Method.invoke(Method.java:580)
	at java.base/java.util.ArrayList.forEach(ArrayList.java:1596)
	at java.base/java.util.ArrayList.forEach(ArrayList.java:1596)
Caused by: org.postgresql.util.PSQLException: ERRO: o valor nulo na coluna "ativo" da relação "tb_produto" viola a restrição de não-nulo
  Detalhe: Registro que falhou contém (136, 0fc684e3-, Synergistic Bronze Knife, Nisi aut ut architecto perspiciatis omnis quo consectetur conseq..., 662.86, 1, null).
	at org.postgresql.core.v3.QueryExecutorImpl.receiveErrorResponse(QueryExecutorImpl.java:2736)
	at org.postgresql.core.v3.QueryExecutorImpl.processResults(QueryExecutorImpl.java:2423)
	at org.postgresql.core.v3.QueryExecutorImpl.execute(QueryExecutorImpl.java:374)
	at org.postgresql.jdbc.PgStatement.executeInternal(PgStatement.java:518)
	at org.postgresql.jdbc.PgStatement.execute(PgStatement.java:435)
	at org.postgresql.jdbc.PgPreparedStatement.executeWithFlags(PgPreparedStatement.java:196)
	at org.postgresql.jdbc.PgPreparedStatement.executeUpdate(PgPreparedStatement.java:157)
	at com.leonardo.infrastructure.dao.generic.GenericDAO.cadastrar(GenericDAO.java:99)
	... 4 more
]]></error>
  </testcase>
  <testcase name="alterarProduto" classname="com.leonardo.dao.ProdutoDAOTest" time="0.042">
    <error message="ERRO CADASTRANDO OBJETO " type="com.leonardo.exceptions.DAOException"><![CDATA[com.leonardo.exceptions.DAOException: ERRO CADASTRANDO OBJETO 
	at com.leonardo.infrastructure.dao.generic.GenericDAO.cadastrar(GenericDAO.java:112)
	at com.leonardo.dao.ProdutoDAOTest.alterarProduto(ProdutoDAOTest.java:175)
	at java.base/java.lang.reflect.Method.invoke(Method.java:580)
	at java.base/java.util.ArrayList.forEach(ArrayList.java:1596)
	at java.base/java.util.ArrayList.forEach(ArrayList.java:1596)
Caused by: org.postgresql.util.PSQLException: ERRO: o valor nulo na coluna "ativo" da relação "tb_produto" viola a restrição de não-nulo
  Detalhe: Registro que falhou contém (141, 9b380c2e-, Enormous Aluminum Chair, Voluptas ea qui officiis harum amet enim nisi voluptate inventor..., 521.62, 1, null).
	at org.postgresql.core.v3.QueryExecutorImpl.receiveErrorResponse(QueryExecutorImpl.java:2736)
	at org.postgresql.core.v3.QueryExecutorImpl.processResults(QueryExecutorImpl.java:2423)
	at org.postgresql.core.v3.QueryExecutorImpl.execute(QueryExecutorImpl.java:374)
	at org.postgresql.jdbc.PgStatement.executeInternal(PgStatement.java:518)
	at org.postgresql.jdbc.PgStatement.execute(PgStatement.java:435)
	at org.postgresql.jdbc.PgPreparedStatement.executeWithFlags(PgPreparedStatement.java:196)
	at org.postgresql.jdbc.PgPreparedStatement.executeUpdate(PgPreparedStatement.java:157)
	at com.leonardo.infrastructure.dao.generic.GenericDAO.cadastrar(GenericDAO.java:99)
	... 4 more
]]></error>
  </testcase>
  <testcase name="buscarTodos" classname="com.leonardo.dao.ProdutoDAOTest" time="0.041">
    <error message="ERRO CADASTRANDO OBJETO " type="com.leonardo.exceptions.DAOException"><![CDATA[com.leonardo.exceptions.DAOException: ERRO CADASTRANDO OBJETO 
	at com.leonardo.infrastructure.dao.generic.GenericDAO.cadastrar(GenericDAO.java:112)
	at com.leonardo.dao.ProdutoDAOTest.buscarTodos(ProdutoDAOTest.java:207)
	at java.base/java.lang.reflect.Method.invoke(Method.java:580)
	at java.base/java.util.ArrayList.forEach(ArrayList.java:1596)
	at java.base/java.util.ArrayList.forEach(ArrayList.java:1596)
Caused by: org.postgresql.util.PSQLException: ERRO: o valor nulo na coluna "ativo" da relação "tb_produto" viola a restrição de não-nulo
  Detalhe: Registro que falhou contém (137, 0a9f0593-, Mediocre Linen Keyboard, Rerum quasi et odio dolores quia a voluptatem rerum et aut volup..., 487.07, 1, null).
	at org.postgresql.core.v3.QueryExecutorImpl.receiveErrorResponse(QueryExecutorImpl.java:2736)
	at org.postgresql.core.v3.QueryExecutorImpl.processResults(QueryExecutorImpl.java:2423)
	at org.postgresql.core.v3.QueryExecutorImpl.execute(QueryExecutorImpl.java:374)
	at org.postgresql.jdbc.PgStatement.executeInternal(PgStatement.java:518)
	at org.postgresql.jdbc.PgStatement.execute(PgStatement.java:435)
	at org.postgresql.jdbc.PgPreparedStatement.executeWithFlags(PgPreparedStatement.java:196)
	at org.postgresql.jdbc.PgPreparedStatement.executeUpdate(PgPreparedStatement.java:157)
	at com.leonardo.infrastructure.dao.generic.GenericDAO.cadastrar(GenericDAO.java:99)
	... 4 more
]]></error>
  </testcase>
  <testcase name="buscarTodos" classname="com.leonardo.dao.ProdutoDAOTest" time="0.047">
    <error message="ERRO CADASTRANDO OBJETO " type="com.leonardo.exceptions.DAOException"><![CDATA[com.leonardo.exceptions.DAOException: ERRO CADASTRANDO OBJETO 
	at com.leonardo.infrastructure.dao.generic.GenericDAO.cadastrar(GenericDAO.java:112)
	at com.leonardo.dao.ProdutoDAOTest.buscarTodos(ProdutoDAOTest.java:207)
	at java.base/java.lang.reflect.Method.invoke(Method.java:580)
	at java.base/java.util.ArrayList.forEach(ArrayList.java:1596)
	at java.base/java.util.ArrayList.forEach(ArrayList.java:1596)
Caused by: org.postgresql.util.PSQLException: ERRO: o valor nulo na coluna "ativo" da relação "tb_produto" viola a restrição de não-nulo
  Detalhe: Registro que falhou contém (142, 78cbe8e9-, Synergistic Iron Pants, Quos voluptatibus architecto quasi voluptates a tenetur libero o..., 484.27, 1, null).
	at org.postgresql.core.v3.QueryExecutorImpl.receiveErrorResponse(QueryExecutorImpl.java:2736)
	at org.postgresql.core.v3.QueryExecutorImpl.processResults(QueryExecutorImpl.java:2423)
	at org.postgresql.core.v3.QueryExecutorImpl.execute(QueryExecutorImpl.java:374)
	at org.postgresql.jdbc.PgStatement.executeInternal(PgStatement.java:518)
	at org.postgresql.jdbc.PgStatement.execute(PgStatement.java:435)
	at org.postgresql.jdbc.PgPreparedStatement.executeWithFlags(PgPreparedStatement.java:196)
	at org.postgresql.jdbc.PgPreparedStatement.executeUpdate(PgPreparedStatement.java:157)
	at com.leonardo.infrastructure.dao.generic.GenericDAO.cadastrar(GenericDAO.java:99)
	... 4 more
]]></error>
  </testcase>
  <testcase name="cadastrarProduto" classname="com.leonardo.dao.ProdutoDAOTest" time="0.042">
    <error message="ERRO CADASTRANDO OBJETO " type="com.leonardo.exceptions.DAOException"><![CDATA[com.leonardo.exceptions.DAOException: ERRO CADASTRANDO OBJETO 
	at com.leonardo.infrastructure.dao.generic.GenericDAO.cadastrar(GenericDAO.java:112)
	at com.leonardo.dao.ProdutoDAOTest.cadastrarProduto(ProdutoDAOTest.java:109)
	at java.base/java.lang.reflect.Method.invoke(Method.java:580)
	at java.base/java.util.ArrayList.forEach(ArrayList.java:1596)
	at java.base/java.util.ArrayList.forEach(ArrayList.java:1596)
Caused by: org.postgresql.util.PSQLException: ERRO: o valor nulo na coluna "ativo" da relação "tb_produto" viola a restrição de não-nulo
  Detalhe: Registro que falhou contém (138, deccd464-, Durable Granite Coat, Aliquam pariatur repellendus labore eligendi harum eum commodi s..., 734.46, 1, null).
	at org.postgresql.core.v3.QueryExecutorImpl.receiveErrorResponse(QueryExecutorImpl.java:2736)
	at org.postgresql.core.v3.QueryExecutorImpl.processResults(QueryExecutorImpl.java:2423)
	at org.postgresql.core.v3.QueryExecutorImpl.execute(QueryExecutorImpl.java:374)
	at org.postgresql.jdbc.PgStatement.executeInternal(PgStatement.java:518)
	at org.postgresql.jdbc.PgStatement.execute(PgStatement.java:435)
	at org.postgresql.jdbc.PgPreparedStatement.executeWithFlags(PgPreparedStatement.java:196)
	at org.postgresql.jdbc.PgPreparedStatement.executeUpdate(PgPreparedStatement.java:157)
	at com.leonardo.infrastructure.dao.generic.GenericDAO.cadastrar(GenericDAO.java:99)
	... 4 more
]]></error>
  </testcase>
  <testcase name="cadastrarProduto" classname="com.leonardo.dao.ProdutoDAOTest" time="0.047">
    <error message="ERRO CADASTRANDO OBJETO " type="com.leonardo.exceptions.DAOException"><![CDATA[com.leonardo.exceptions.DAOException: ERRO CADASTRANDO OBJETO 
	at com.leonardo.infrastructure.dao.generic.GenericDAO.cadastrar(GenericDAO.java:112)
	at com.leonardo.dao.ProdutoDAOTest.cadastrarProduto(ProdutoDAOTest.java:109)
	at java.base/java.lang.reflect.Method.invoke(Method.java:580)
	at java.base/java.util.ArrayList.forEach(ArrayList.java:1596)
	at java.base/java.util.ArrayList.forEach(ArrayList.java:1596)
Caused by: org.postgresql.util.PSQLException: ERRO: o valor nulo na coluna "ativo" da relação "tb_produto" viola a restrição de não-nulo
  Detalhe: Registro que falhou contém (143, 1484e479-, Incredible Granite Gloves, Veritatis in sit corporis odio consequatur pariatur perferendis ..., 510.94, 1, null).
	at org.postgresql.core.v3.QueryExecutorImpl.receiveErrorResponse(QueryExecutorImpl.java:2736)
	at org.postgresql.core.v3.QueryExecutorImpl.processResults(QueryExecutorImpl.java:2423)
	at org.postgresql.core.v3.QueryExecutorImpl.execute(QueryExecutorImpl.java:374)
	at org.postgresql.jdbc.PgStatement.executeInternal(PgStatement.java:518)
	at org.postgresql.jdbc.PgStatement.execute(PgStatement.java:435)
	at org.postgresql.jdbc.PgPreparedStatement.executeWithFlags(PgPreparedStatement.java:196)
	at org.postgresql.jdbc.PgPreparedStatement.executeUpdate(PgPreparedStatement.java:157)
	at com.leonardo.infrastructure.dao.generic.GenericDAO.cadastrar(GenericDAO.java:99)
	... 4 more
]]></error>
  </testcase>
</testsuite>