<?xml version="1.0" encoding="UTF-8"?>
<testsuite xmlns:xsi="http://www.w3.org/2001/XMLSchema-instance" xsi:noNamespaceSchemaLocation="https://maven.apache.org/surefire/maven-surefire-plugin/xsd/surefire-test-report-3.0.xsd" version="3.0" name="com.leonardo.dao.ClienteServiceTest" time="0.056" tests="4" errors="4" skipped="0" failures="0">
  <properties>
[...]
</properties>
  <testcase name="salvarCliente" classname="com.leonardo.dao.ClienteServiceTest" time="0.016">
    <error message="Unimplemented method &apos;cadastrar&apos;" type="java.lang.UnsupportedOperationException"><![CDATA[java.lang.UnsupportedOperationException: Unimplemented method 'cadastrar'
	at com.leonardo.mock.ClienteDAOMock.cadastrar(ClienteDAOMock.java:18)
	at com.leonardo.mock.ClienteDAOMock.cadastrar(ClienteDAOMock.java:13)
	at com.leonardo.service.generic.GenericService.cadastrar(GenericService.java:35)
	at com.leonardo.dao.ClienteServiceTest.salvarCliente(ClienteServiceTest.java:47)
	at java.base/java.lang.reflect.Method.invoke(Method.java:580)
	at java.base/java.util.ArrayList.forEach(ArrayList.java:1596)
	at java.base/java.util.ArrayList.forEach(ArrayList.java:1596)
]]></error>
  </testcase>
  <testcase name="excluirCliente" classname="com.leonardo.dao.ClienteServiceTest" time="0.002">
    <error message="Unimplemented method &apos;excluir&apos;" type="java.lang.UnsupportedOperationException"><![CDATA[java.lang.UnsupportedOperationException: Unimplemented method 'excluir'
	at com.leonardo.mock.ClienteDAOMock.excluir(ClienteDAOMock.java:24)
	at com.leonardo.mock.ClienteDAOMock.excluir(ClienteDAOMock.java:13)
	at com.leonardo.service.generic.GenericService.excluir(GenericService.java:40)
	at com.leonardo.dao.ClienteServiceTest.excluirCliente(ClienteServiceTest.java:54)
	at java.base/java.lang.reflect.Method.invoke(Method.java:580)
	at java.base/java.util.ArrayList.forEach(ArrayList.java:1596)
	at java.base/java.util.ArrayList.forEach(ArrayList.java:1596)
]]></error>
  </testcase>
  <testcase name="pesquisarCliente" classname="com.leonardo.dao.ClienteServiceTest" time="0.001">
    <error message="Unimplemented method &apos;consultar&apos;" type="java.lang.UnsupportedOperationException"><![CDATA[java.lang.UnsupportedOperationException: Unimplemented method 'consultar'
	at com.leonardo.mock.ClienteDAOMock.consultar(ClienteDAOMock.java:36)
	at com.leonardo.mock.ClienteDAOMock.consultar(ClienteDAOMock.java:13)
	at com.leonardo.service.cliente.ClienteService.buscarPorID(ClienteService.java:36)
	at com.leonardo.dao.ClienteServiceTest.pesquisarCliente(ClienteServiceTest.java:41)
	at java.base/java.lang.reflect.Method.invoke(Method.java:580)
	at java.base/java.util.ArrayList.forEach(ArrayList.java:1596)
	at java.base/java.util.ArrayList.forEach(ArrayList.java:1596)
]]></error>
  </testcase>
  <testcase name="alterarCliente" classname="com.leonardo.dao.ClienteServiceTest" time="0.002">
    <error message="Unimplemented method &apos;alterar&apos;" type="java.lang.UnsupportedOperationException"><![CDATA[java.lang.UnsupportedOperationException: Unimplemented method 'alterar'
	at com.leonardo.mock.ClienteDAOMock.alterar(ClienteDAOMock.java:30)
	at com.leonardo.mock.ClienteDAOMock.alterar(ClienteDAOMock.java:13)
	at com.leonardo.service.generic.GenericService.alterar(GenericService.java:45)
	at com.leonardo.dao.ClienteServiceTest.alterarCliente(ClienteServiceTest.java:60)
	at java.base/java.lang.reflect.Method.invoke(Method.java:580)
	at java.base/java.util.ArrayList.forEach(ArrayList.java:1596)
	at java.base/java.util.ArrayList.forEach(ArrayList.java:1596)
]]></error>
  </testcase>
</testsuite>