<?xml version="1.0" encoding="UTF-8"?>
<testsuite xmlns:xsi="http://www.w3.org/2001/XMLSchema-instance" xsi:noNamespaceSchemaLocation="https://maven.apache.org/surefire/maven-surefire-plugin/xsd/surefire-test-report-3.0.xsd" version="3.0" name="com.leonardo.dao.VendaDAOTest" time="1.083" tests="11" errors="11" skipped="0" failures="0">
  <properties>
[...]
</properties>
  <testcase name="removerApenasUmProduto" classname="com.leonardo.dao.VendaDAOTest" time="0.378">
    <error message="Cannot invoke &quot;java.lang.Integer.intValue()&quot; because the return value of &quot;com.leonardo.domain.Produto.getQuantidadeEstoque()&quot; is null" type="java.lang.NullPointerException"><![CDATA[java.lang.NullPointerException: Cannot invoke "java.lang.Integer.intValue()" because the return value of "com.leonardo.domain.Produto.getQuantidadeEstoque()" is null
	at com.leonardo.infrastructure.dao.produto.ProdutoDAO.setParametrosQueryInsercao(ProdutoDAO.java:71)
	at com.leonardo.infrastructure.dao.produto.ProdutoDAO.setParametrosQueryInsercao(ProdutoDAO.java:22)
	at com.leonardo.infrastructure.dao.generic.GenericDAO.cadastrar(GenericDAO.java:98)
	at com.leonardo.dao.VendaDAOTest.cadastrarProduto(VendaDAOTest.java:293)
	at com.leonardo.dao.VendaDAOTest.init(VendaDAOTest.java:57)
	at java.base/java.lang.reflect.Method.invoke(Method.java:580)
	at java.base/java.util.ArrayList.forEach(ArrayList.java:1596)
	at java.base/java.util.ArrayList.forEach(ArrayList.java:1596)
	Suppressed: com.leonardo.exceptions.DAOException: ERRO EXLUINDO OBJETO 
		at com.leonardo.dao.VendaDAOTest.executeDelete(VendaDAOTest.java:338)
		at com.leonardo.dao.VendaDAOTest.excluirVendas(VendaDAOTest.java:322)
		at com.leonardo.dao.VendaDAOTest.end(VendaDAOTest.java:62)
		... 3 more
	Caused by: org.postgresql.util.PSQLException: ERRO: relação "tb_produto_quantidade" não existe
  Posição: 13
		at org.postgresql.core.v3.QueryExecutorImpl.receiveErrorResponse(QueryExecutorImpl.java:2736)
		at org.postgresql.core.v3.QueryExecutorImpl.processResults(QueryExecutorImpl.java:2423)
		at org.postgresql.core.v3.QueryExecutorImpl.execute(QueryExecutorImpl.java:374)
		at org.postgresql.jdbc.PgStatement.executeInternal(PgStatement.java:518)
		at org.postgresql.jdbc.PgStatement.execute(PgStatement.java:435)
		at org.postgresql.jdbc.PgPreparedStatement.executeWithFlags(PgPreparedStatement.java:196)
		at org.postgresql.jdbc.PgPreparedStatement.executeUpdate(PgPreparedStatement.java:157)
		at com.leonardo.dao.VendaDAOTest.executeDelete(VendaDAOTest.java:335)
		... 5 more
]]></error>
  </testcase>
  <testcase name="salvarVendaMesmoCodigoExistente" classname="com.leonardo.dao.VendaDAOTest" time="0.048">
    <error message="ERRO CADASTRANDO OBJETO " type="com.leonardo.exceptions.DAOException"><![CDATA[com.leonardo.exceptions.DAOException: ERRO CADASTRANDO OBJETO 
	at com.leonardo.infrastructure.dao.generic.GenericDAO.cadastrar(GenericDAO.java:112)
	at com.leonardo.dao.VendaDAOTest.cadastrarCliente(VendaDAOTest.java:306)
	at com.leonardo.dao.VendaDAOTest.init(VendaDAOTest.java:56)
	at java.base/java.lang.reflect.Method.invoke(Method.java:580)
	at java.base/java.util.ArrayList.forEach(ArrayList.java:1596)
	at java.base/java.util.ArrayList.forEach(ArrayList.java:1596)
	Suppressed: com.leonardo.exceptions.DAOException: ERRO EXLUINDO OBJETO 
		at com.leonardo.dao.VendaDAOTest.executeDelete(VendaDAOTest.java:338)
		at com.leonardo.dao.VendaDAOTest.excluirVendas(VendaDAOTest.java:322)
		at com.leonardo.dao.VendaDAOTest.end(VendaDAOTest.java:62)
		... 3 more
	Caused by: org.postgresql.util.PSQLException: ERRO: relação "tb_produto_quantidade" não existe
  Posição: 13
		at org.postgresql.core.v3.QueryExecutorImpl.receiveErrorResponse(QueryExecutorImpl.java:2736)
		at org.postgresql.core.v3.QueryExecutorImpl.processResults(QueryExecutorImpl.java:2423)
		at org.postgresql.core.v3.QueryExecutorImpl.execute(QueryExecutorImpl.java:374)
		at org.postgresql.jdbc.PgStatement.executeInternal(PgStatement.java:518)
		at org.postgresql.jdbc.PgStatement.execute(PgStatement.java:435)
		at org.postgresql.jdbc.PgPreparedStatement.executeWithFlags(PgPreparedStatement.java:196)
		at org.postgresql.jdbc.PgPreparedStatement.executeUpdate(PgPreparedStatement.java:157)
		at com.leonardo.dao.VendaDAOTest.executeDelete(VendaDAOTest.java:335)
		... 5 more
Caused by: org.postgresql.util.PSQLException: ERRO: duplicar valor da chave viola a restrição de unicidade "uk_cpf_cliente"
  Detalhe: Chave (cpf)=(12312312312) já existe.
	at org.postgresql.core.v3.QueryExecutorImpl.receiveErrorResponse(QueryExecutorImpl.java:2736)
	at org.postgresql.core.v3.QueryExecutorImpl.processResults(QueryExecutorImpl.java:2423)
	at org.postgresql.core.v3.QueryExecutorImpl.execute(QueryExecutorImpl.java:374)
	at org.postgresql.jdbc.PgStatement.executeInternal(PgStatement.java:518)
	at org.postgresql.jdbc.PgStatement.execute(PgStatement.java:435)
	at org.postgresql.jdbc.PgPreparedStatement.executeWithFlags(PgPreparedStatement.java:196)
	at org.postgresql.jdbc.PgPreparedStatement.executeUpdate(PgPreparedStatement.java:157)
	at com.leonardo.infrastructure.dao.generic.GenericDAO.cadastrar(GenericDAO.java:99)
	... 5 more
]]></error>
  </testcase>
  <testcase name="finalizarVenda" classname="com.leonardo.dao.VendaDAOTest" time="0.046">
    <error message="ERRO CADASTRANDO OBJETO " type="com.leonardo.exceptions.DAOException"><![CDATA[com.leonardo.exceptions.DAOException: ERRO CADASTRANDO OBJETO 
	at com.leonardo.infrastructure.dao.generic.GenericDAO.cadastrar(GenericDAO.java:112)
	at com.leonardo.dao.VendaDAOTest.cadastrarCliente(VendaDAOTest.java:306)
	at com.leonardo.dao.VendaDAOTest.init(VendaDAOTest.java:56)
	at java.base/java.lang.reflect.Method.invoke(Method.java:580)
	at java.base/java.util.ArrayList.forEach(ArrayList.java:1596)
	at java.base/java.util.ArrayList.forEach(ArrayList.java:1596)
	Suppressed: com.leonardo.exceptions.DAOException: ERRO EXLUINDO OBJETO 
		at com.leonardo.dao.VendaDAOTest.executeDelete(VendaDAOTest.java:338)
		at com.leonardo.dao.VendaDAOTest.excluirVendas(VendaDAOTest.java:322)
		at com.leonardo.dao.VendaDAOTest.end(VendaDAOTest.java:62)
		... 3 more
	Caused by: org.postgresql.util.PSQLException: ERRO: relação "tb_produto_quantidade" não existe
  Posição: 13
		at org.postgresql.core.v3.QueryExecutorImpl.receiveErrorResponse(QueryExecutorImpl.java:2736)
		at org.postgresql.core.v3.QueryExecutorImpl.processResults(QueryExecutorImpl.java:2423)
		at org.postgresql.core.v3.QueryExecutorImpl.execute(QueryExecutorImpl.java:374)
		at org.postgresql.jdbc.PgStatement.executeInternal(PgStatement.java:518)
		at org.postgresql.jdbc.PgStatement.execute(PgStatement.java:435)
		at org.postgresql.jdbc.PgPreparedStatement.executeWithFlags(PgPreparedStatement.java:196)
		at org.postgresql.jdbc.PgPreparedStatement.executeUpdate(PgPreparedStatement.java:157)
		at com.leonardo.dao.VendaDAOTest.executeDelete(VendaDAOTest.java:335)
		... 5 more
Caused by: org.postgresql.util.PSQLException: ERRO: duplicar valor da chave viola a restrição de unicidade "uk_cpf_cliente"
  Detalhe: Chave (cpf)=(12312312312) já existe.
	at org.postgresql.core.v3.QueryExecutorImpl.receiveErrorResponse(QueryExecutorImpl.java:2736)
	at org.postgresql.core.v3.QueryExecutorImpl.processResults(QueryExecutorImpl.java:2423)
	at org.postgresql.core.v3.QueryExecutorImpl.execute(QueryExecutorImpl.java:374)
	at org.postgresql.jdbc.PgStatement.executeInternal(PgStatement.java:518)
	at org.postgresql.jdbc.PgStatement.execute(PgStatement.java:435)
	at org.postgresql.jdbc.PgPreparedStatement.executeWithFlags(PgPreparedStatement.java:196)
	at org.postgresql.jdbc.PgPreparedStatement.executeUpdate(PgPreparedStatement.java:157)
	at com.leonardo.infrastructure.dao.generic.GenericDAO.cadastrar(GenericDAO.java:99)
	... 5 more
]]></error>
  </testcase>
  <testcase name="cancelarVenda" classname="com.leonardo.dao.VendaDAOTest" time="0.043">
    <error message="ERRO CADASTRANDO OBJETO " type="com.leonardo.exceptions.DAOException"><![CDATA[com.leonardo.exceptions.DAOException: ERRO CADASTRANDO OBJETO 
	at com.leonardo.infrastructure.dao.generic.GenericDAO.cadastrar(GenericDAO.java:112)
	at com.leonardo.dao.VendaDAOTest.cadastrarCliente(VendaDAOTest.java:306)
	at com.leonardo.dao.VendaDAOTest.init(VendaDAOTest.java:56)
	at java.base/java.lang.reflect.Method.invoke(Method.java:580)
	at java.base/java.util.ArrayList.forEach(ArrayList.java:1596)
	at java.base/java.util.ArrayList.forEach(ArrayList.java:1596)
	Suppressed: com.leonardo.exceptions.DAOException: ERRO EXLUINDO OBJETO 
		at com.leonardo.dao.VendaDAOTest.executeDelete(VendaDAOTest.java:338)
		at com.leonardo.dao.VendaDAOTest.excluirVendas(VendaDAOTest.java:322)
		at com.leonardo.dao.VendaDAOTest.end(VendaDAOTest.java:62)
		... 3 more
	Caused by: org.postgresql.util.PSQLException: ERRO: relação "tb_produto_quantidade" não existe
  Posição: 13
		at org.postgresql.core.v3.QueryExecutorImpl.receiveErrorResponse(QueryExecutorImpl.java:2736)
		at org.postgresql.core.v3.QueryExecutorImpl.processResults(QueryExecutorImpl.java:2423)
		at org.postgresql.core.v3.QueryExecutorImpl.execute(QueryExecutorImpl.java:374)
		at org.postgresql.jdbc.PgStatement.executeInternal(PgStatement.java:518)
		at org.postgresql.jdbc.PgStatement.execute(PgStatement.java:435)
		at org.postgresql.jdbc.PgPreparedStatement.executeWithFlags(PgPreparedStatement.java:196)
		at org.postgresql.jdbc.PgPreparedStatement.executeUpdate(PgPreparedStatement.java:157)
		at com.leonardo.dao.VendaDAOTest.executeDelete(VendaDAOTest.java:335)
		... 5 more
Caused by: org.postgresql.util.PSQLException: ERRO: duplicar valor da chave viola a restrição de unicidade "uk_cpf_cliente"
  Detalhe: Chave (cpf)=(12312312312) já existe.
	at org.postgresql.core.v3.QueryExecutorImpl.receiveErrorResponse(QueryExecutorImpl.java:2736)
	at org.postgresql.core.v3.QueryExecutorImpl.processResults(QueryExecutorImpl.java:2423)
	at org.postgresql.core.v3.QueryExecutorImpl.execute(QueryExecutorImpl.java:374)
	at org.postgresql.jdbc.PgStatement.executeInternal(PgStatement.java:518)
	at org.postgresql.jdbc.PgStatement.execute(PgStatement.java:435)
	at org.postgresql.jdbc.PgPreparedStatement.executeWithFlags(PgPreparedStatement.java:196)
	at org.postgresql.jdbc.PgPreparedStatement.executeUpdate(PgPreparedStatement.java:157)
	at com.leonardo.infrastructure.dao.generic.GenericDAO.cadastrar(GenericDAO.java:99)
	... 5 more
]]></error>
  </testcase>
  <testcase name="salvar" classname="com.leonardo.dao.VendaDAOTest" time="0.043">
    <error message="ERRO CADASTRANDO OBJETO " type="com.leonardo.exceptions.DAOException"><![CDATA[com.leonardo.exceptions.DAOException: ERRO CADASTRANDO OBJETO 
	at com.leonardo.infrastructure.dao.generic.GenericDAO.cadastrar(GenericDAO.java:112)
	at com.leonardo.dao.VendaDAOTest.cadastrarCliente(VendaDAOTest.java:306)
	at com.leonardo.dao.VendaDAOTest.init(VendaDAOTest.java:56)
	at java.base/java.lang.reflect.Method.invoke(Method.java:580)
	at java.base/java.util.ArrayList.forEach(ArrayList.java:1596)
	at java.base/java.util.ArrayList.forEach(ArrayList.java:1596)
	Suppressed: com.leonardo.exceptions.DAOException: ERRO EXLUINDO OBJETO 
		at com.leonardo.dao.VendaDAOTest.executeDelete(VendaDAOTest.java:338)
		at com.leonardo.dao.VendaDAOTest.excluirVendas(VendaDAOTest.java:322)
		at com.leonardo.dao.VendaDAOTest.end(VendaDAOTest.java:62)
		... 3 more
	Caused by: org.postgresql.util.PSQLException: ERRO: relação "tb_produto_quantidade" não existe
  Posição: 13
		at org.postgresql.core.v3.QueryExecutorImpl.receiveErrorResponse(QueryExecutorImpl.java:2736)
		at org.postgresql.core.v3.QueryExecutorImpl.processResults(QueryExecutorImpl.java:2423)
		at org.postgresql.core.v3.QueryExecutorImpl.execute(QueryExecutorImpl.java:374)
		at org.postgresql.jdbc.PgStatement.executeInternal(PgStatement.java:518)
		at org.postgresql.jdbc.PgStatement.execute(PgStatement.java:435)
		at org.postgresql.jdbc.PgPreparedStatement.executeWithFlags(PgPreparedStatement.java:196)
		at org.postgresql.jdbc.PgPreparedStatement.executeUpdate(PgPreparedStatement.java:157)
		at com.leonardo.dao.VendaDAOTest.executeDelete(VendaDAOTest.java:335)
		... 5 more
Caused by: org.postgresql.util.PSQLException: ERRO: duplicar valor da chave viola a restrição de unicidade "uk_cpf_cliente"
  Detalhe: Chave (cpf)=(12312312312) já existe.
	at org.postgresql.core.v3.QueryExecutorImpl.receiveErrorResponse(QueryExecutorImpl.java:2736)
	at org.postgresql.core.v3.QueryExecutorImpl.processResults(QueryExecutorImpl.java:2423)
	at org.postgresql.core.v3.QueryExecutorImpl.execute(QueryExecutorImpl.java:374)
	at org.postgresql.jdbc.PgStatement.executeInternal(PgStatement.java:518)
	at org.postgresql.jdbc.PgStatement.execute(PgStatement.java:435)
	at org.postgresql.jdbc.PgPreparedStatement.executeWithFlags(PgPreparedStatement.java:196)
	at org.postgresql.jdbc.PgPreparedStatement.executeUpdate(PgPreparedStatement.java:157)
	at com.leonardo.infrastructure.dao.generic.GenericDAO.cadastrar(GenericDAO.java:99)
	... 5 more
]]></error>
  </testcase>
  <testcase name="tentarAdicionarProdutosVendaFinalizada" classname="com.leonardo.dao.VendaDAOTest" time="0.046">
    <error message="ERRO CADASTRANDO OBJETO " type="com.leonardo.exceptions.DAOException"><![CDATA[com.leonardo.exceptions.DAOException: ERRO CADASTRANDO OBJETO 
	at com.leonardo.infrastructure.dao.generic.GenericDAO.cadastrar(GenericDAO.java:112)
	at com.leonardo.dao.VendaDAOTest.cadastrarCliente(VendaDAOTest.java:306)
	at com.leonardo.dao.VendaDAOTest.init(VendaDAOTest.java:56)
	at java.base/java.lang.reflect.Method.invoke(Method.java:580)
	at java.base/java.util.ArrayList.forEach(ArrayList.java:1596)
	at java.base/java.util.ArrayList.forEach(ArrayList.java:1596)
	Suppressed: com.leonardo.exceptions.DAOException: ERRO EXLUINDO OBJETO 
		at com.leonardo.dao.VendaDAOTest.executeDelete(VendaDAOTest.java:338)
		at com.leonardo.dao.VendaDAOTest.excluirVendas(VendaDAOTest.java:322)
		at com.leonardo.dao.VendaDAOTest.end(VendaDAOTest.java:62)
		... 3 more
	Caused by: org.postgresql.util.PSQLException: ERRO: relação "tb_produto_quantidade" não existe
  Posição: 13
		at org.postgresql.core.v3.QueryExecutorImpl.receiveErrorResponse(QueryExecutorImpl.java:2736)
		at org.postgresql.core.v3.QueryExecutorImpl.processResults(QueryExecutorImpl.java:2423)
		at org.postgresql.core.v3.QueryExecutorImpl.execute(QueryExecutorImpl.java:374)
		at org.postgresql.jdbc.PgStatement.executeInternal(PgStatement.java:518)
		at org.postgresql.jdbc.PgStatement.execute(PgStatement.java:435)
		at org.postgresql.jdbc.PgPreparedStatement.executeWithFlags(PgPreparedStatement.java:196)
		at org.postgresql.jdbc.PgPreparedStatement.executeUpdate(PgPreparedStatement.java:157)
		at com.leonardo.dao.VendaDAOTest.executeDelete(VendaDAOTest.java:335)
		... 5 more
Caused by: org.postgresql.util.PSQLException: ERRO: duplicar valor da chave viola a restrição de unicidade "uk_cpf_cliente"
  Detalhe: Chave (cpf)=(12312312312) já existe.
	at org.postgresql.core.v3.QueryExecutorImpl.receiveErrorResponse(QueryExecutorImpl.java:2736)
	at org.postgresql.core.v3.QueryExecutorImpl.processResults(QueryExecutorImpl.java:2423)
	at org.postgresql.core.v3.QueryExecutorImpl.execute(QueryExecutorImpl.java:374)
	at org.postgresql.jdbc.PgStatement.executeInternal(PgStatement.java:518)
	at org.postgresql.jdbc.PgStatement.execute(PgStatement.java:435)
	at org.postgresql.jdbc.PgPreparedStatement.executeWithFlags(PgPreparedStatement.java:196)
	at org.postgresql.jdbc.PgPreparedStatement.executeUpdate(PgPreparedStatement.java:157)
	at com.leonardo.infrastructure.dao.generic.GenericDAO.cadastrar(GenericDAO.java:99)
	... 5 more
]]></error>
  </testcase>
  <testcase name="removerTodosProdutos" classname="com.leonardo.dao.VendaDAOTest" time="0.047">
    <error message="ERRO CADASTRANDO OBJETO " type="com.leonardo.exceptions.DAOException"><![CDATA[com.leonardo.exceptions.DAOException: ERRO CADASTRANDO OBJETO 
	at com.leonardo.infrastructure.dao.generic.GenericDAO.cadastrar(GenericDAO.java:112)
	at com.leonardo.dao.VendaDAOTest.cadastrarCliente(VendaDAOTest.java:306)
	at com.leonardo.dao.VendaDAOTest.init(VendaDAOTest.java:56)
	at java.base/java.lang.reflect.Method.invoke(Method.java:580)
	at java.base/java.util.ArrayList.forEach(ArrayList.java:1596)
	at java.base/java.util.ArrayList.forEach(ArrayList.java:1596)
	Suppressed: com.leonardo.exceptions.DAOException: ERRO EXLUINDO OBJETO 
		at com.leonardo.dao.VendaDAOTest.executeDelete(VendaDAOTest.java:338)
		at com.leonardo.dao.VendaDAOTest.excluirVendas(VendaDAOTest.java:322)
		at com.leonardo.dao.VendaDAOTest.end(VendaDAOTest.java:62)
		... 3 more
	Caused by: org.postgresql.util.PSQLException: ERRO: relação "tb_produto_quantidade" não existe
  Posição: 13
		at org.postgresql.core.v3.QueryExecutorImpl.receiveErrorResponse(QueryExecutorImpl.java:2736)
		at org.postgresql.core.v3.QueryExecutorImpl.processResults(QueryExecutorImpl.java:2423)
		at org.postgresql.core.v3.QueryExecutorImpl.execute(QueryExecutorImpl.java:374)
		at org.postgresql.jdbc.PgStatement.executeInternal(PgStatement.java:518)
		at org.postgresql.jdbc.PgStatement.execute(PgStatement.java:435)
		at org.postgresql.jdbc.PgPreparedStatement.executeWithFlags(PgPreparedStatement.java:196)
		at org.postgresql.jdbc.PgPreparedStatement.executeUpdate(PgPreparedStatement.java:157)
		at com.leonardo.dao.VendaDAOTest.executeDelete(VendaDAOTest.java:335)
		... 5 more
Caused by: org.postgresql.util.PSQLException: ERRO: duplicar valor da chave viola a restrição de unicidade "uk_cpf_cliente"
  Detalhe: Chave (cpf)=(12312312312) já existe.
	at org.postgresql.core.v3.QueryExecutorImpl.receiveErrorResponse(QueryExecutorImpl.java:2736)
	at org.postgresql.core.v3.QueryExecutorImpl.processResults(QueryExecutorImpl.java:2423)
	at org.postgresql.core.v3.QueryExecutorImpl.execute(QueryExecutorImpl.java:374)
	at org.postgresql.jdbc.PgStatement.executeInternal(PgStatement.java:518)
	at org.postgresql.jdbc.PgStatement.execute(PgStatement.java:435)
	at org.postgresql.jdbc.PgPreparedStatement.executeWithFlags(PgPreparedStatement.java:196)
	at org.postgresql.jdbc.PgPreparedStatement.executeUpdate(PgPreparedStatement.java:157)
	at com.leonardo.infrastructure.dao.generic.GenericDAO.cadastrar(GenericDAO.java:99)
	... 5 more
]]></error>
  </testcase>
  <testcase name="adicionarMaisProdutosDiferentes" classname="com.leonardo.dao.VendaDAOTest" time="0.046">
    <error message="ERRO CADASTRANDO OBJETO " type="com.leonardo.exceptions.DAOException"><![CDATA[com.leonardo.exceptions.DAOException: ERRO CADASTRANDO OBJETO 
	at com.leonardo.infrastructure.dao.generic.GenericDAO.cadastrar(GenericDAO.java:112)
	at com.leonardo.dao.VendaDAOTest.cadastrarCliente(VendaDAOTest.java:306)
	at com.leonardo.dao.VendaDAOTest.init(VendaDAOTest.java:56)
	at java.base/java.lang.reflect.Method.invoke(Method.java:580)
	at java.base/java.util.ArrayList.forEach(ArrayList.java:1596)
	at java.base/java.util.ArrayList.forEach(ArrayList.java:1596)
	Suppressed: com.leonardo.exceptions.DAOException: ERRO EXLUINDO OBJETO 
		at com.leonardo.dao.VendaDAOTest.executeDelete(VendaDAOTest.java:338)
		at com.leonardo.dao.VendaDAOTest.excluirVendas(VendaDAOTest.java:322)
		at com.leonardo.dao.VendaDAOTest.end(VendaDAOTest.java:62)
		... 3 more
	Caused by: org.postgresql.util.PSQLException: ERRO: relação "tb_produto_quantidade" não existe
  Posição: 13
		at org.postgresql.core.v3.QueryExecutorImpl.receiveErrorResponse(QueryExecutorImpl.java:2736)
		at org.postgresql.core.v3.QueryExecutorImpl.processResults(QueryExecutorImpl.java:2423)
		at org.postgresql.core.v3.QueryExecutorImpl.execute(QueryExecutorImpl.java:374)
		at org.postgresql.jdbc.PgStatement.executeInternal(PgStatement.java:518)
		at org.postgresql.jdbc.PgStatement.execute(PgStatement.java:435)
		at org.postgresql.jdbc.PgPreparedStatement.executeWithFlags(PgPreparedStatement.java:196)
		at org.postgresql.jdbc.PgPreparedStatement.executeUpdate(PgPreparedStatement.java:157)
		at com.leonardo.dao.VendaDAOTest.executeDelete(VendaDAOTest.java:335)
		... 5 more
Caused by: org.postgresql.util.PSQLException: ERRO: duplicar valor da chave viola a restrição de unicidade "uk_cpf_cliente"
  Detalhe: Chave (cpf)=(12312312312) já existe.
	at org.postgresql.core.v3.QueryExecutorImpl.receiveErrorResponse(QueryExecutorImpl.java:2736)
	at org.postgresql.core.v3.QueryExecutorImpl.processResults(QueryExecutorImpl.java:2423)
	at org.postgresql.core.v3.QueryExecutorImpl.execute(QueryExecutorImpl.java:374)
	at org.postgresql.jdbc.PgStatement.executeInternal(PgStatement.java:518)
	at org.postgresql.jdbc.PgStatement.execute(PgStatement.java:435)
	at org.postgresql.jdbc.PgPreparedStatement.executeWithFlags(PgPreparedStatement.java:196)
	at org.postgresql.jdbc.PgPreparedStatement.executeUpdate(PgPreparedStatement.java:157)
	at com.leonardo.infrastructure.dao.generic.GenericDAO.cadastrar(GenericDAO.java:99)
	... 5 more
]]></error>
  </testcase>
  <testcase name="adicionarMaisProdutosDoMesmo" classname="com.leonardo.dao.VendaDAOTest" time="0.041">
    <error message="ERRO CADASTRANDO OBJETO " type="com.leonardo.exceptions.DAOException"><![CDATA[com.leonardo.exceptions.DAOException: ERRO CADASTRANDO OBJETO 
	at com.leonardo.infrastructure.dao.generic.GenericDAO.cadastrar(GenericDAO.java:112)
	at com.leonardo.dao.VendaDAOTest.cadastrarCliente(VendaDAOTest.java:306)
	at com.leonardo.dao.VendaDAOTest.init(VendaDAOTest.java:56)
	at java.base/java.lang.reflect.Method.invoke(Method.java:580)
	at java.base/java.util.ArrayList.forEach(ArrayList.java:1596)
	at java.base/java.util.ArrayList.forEach(ArrayList.java:1596)
	Suppressed: com.leonardo.exceptions.DAOException: ERRO EXLUINDO OBJETO 
		at com.leonardo.dao.VendaDAOTest.executeDelete(VendaDAOTest.java:338)
		at com.leonardo.dao.VendaDAOTest.excluirVendas(VendaDAOTest.java:322)
		at com.leonardo.dao.VendaDAOTest.end(VendaDAOTest.java:62)
		... 3 more
	Caused by: org.postgresql.util.PSQLException: ERRO: relação "tb_produto_quantidade" não existe
  Posição: 13
		at org.postgresql.core.v3.QueryExecutorImpl.receiveErrorResponse(QueryExecutorImpl.java:2736)
		at org.postgresql.core.v3.QueryExecutorImpl.processResults(QueryExecutorImpl.java:2423)
		at org.postgresql.core.v3.QueryExecutorImpl.execute(QueryExecutorImpl.java:374)
		at org.postgresql.jdbc.PgStatement.executeInternal(PgStatement.java:518)
		at org.postgresql.jdbc.PgStatement.execute(PgStatement.java:435)
		at org.postgresql.jdbc.PgPreparedStatement.executeWithFlags(PgPreparedStatement.java:196)
		at org.postgresql.jdbc.PgPreparedStatement.executeUpdate(PgPreparedStatement.java:157)
		at com.leonardo.dao.VendaDAOTest.executeDelete(VendaDAOTest.java:335)
		... 5 more
Caused by: org.postgresql.util.PSQLException: ERRO: duplicar valor da chave viola a restrição de unicidade "uk_cpf_cliente"
  Detalhe: Chave (cpf)=(12312312312) já existe.
	at org.postgresql.core.v3.QueryExecutorImpl.receiveErrorResponse(QueryExecutorImpl.java:2736)
	at org.postgresql.core.v3.QueryExecutorImpl.processResults(QueryExecutorImpl.java:2423)
	at org.postgresql.core.v3.QueryExecutorImpl.execute(QueryExecutorImpl.java:374)
	at org.postgresql.jdbc.PgStatement.executeInternal(PgStatement.java:518)
	at org.postgresql.jdbc.PgStatement.execute(PgStatement.java:435)
	at org.postgresql.jdbc.PgPreparedStatement.executeWithFlags(PgPreparedStatement.java:196)
	at org.postgresql.jdbc.PgPreparedStatement.executeUpdate(PgPreparedStatement.java:157)
	at com.leonardo.infrastructure.dao.generic.GenericDAO.cadastrar(GenericDAO.java:99)
	... 5 more
]]></error>
  </testcase>
  <testcase name="removerProduto" classname="com.leonardo.dao.VendaDAOTest" time="0.149">
    <error message="ERRO CADASTRANDO OBJETO " type="com.leonardo.exceptions.DAOException"><![CDATA[com.leonardo.exceptions.DAOException: ERRO CADASTRANDO OBJETO 
	at com.leonardo.infrastructure.dao.generic.GenericDAO.cadastrar(GenericDAO.java:112)
	at com.leonardo.dao.VendaDAOTest.cadastrarCliente(VendaDAOTest.java:306)
	at com.leonardo.dao.VendaDAOTest.init(VendaDAOTest.java:56)
	at java.base/java.lang.reflect.Method.invoke(Method.java:580)
	at java.base/java.util.ArrayList.forEach(ArrayList.java:1596)
	at java.base/java.util.ArrayList.forEach(ArrayList.java:1596)
	Suppressed: com.leonardo.exceptions.DAOException: ERRO EXLUINDO OBJETO 
		at com.leonardo.dao.VendaDAOTest.executeDelete(VendaDAOTest.java:338)
		at com.leonardo.dao.VendaDAOTest.excluirVendas(VendaDAOTest.java:322)
		at com.leonardo.dao.VendaDAOTest.end(VendaDAOTest.java:62)
		... 3 more
	Caused by: org.postgresql.util.PSQLException: ERRO: relação "tb_produto_quantidade" não existe
  Posição: 13
		at org.postgresql.core.v3.QueryExecutorImpl.receiveErrorResponse(QueryExecutorImpl.java:2736)
		at org.postgresql.core.v3.QueryExecutorImpl.processResults(QueryExecutorImpl.java:2423)
		at org.postgresql.core.v3.QueryExecutorImpl.execute(QueryExecutorImpl.java:374)
		at org.postgresql.jdbc.PgStatement.executeInternal(PgStatement.java:518)
		at org.postgresql.jdbc.PgStatement.execute(PgStatement.java:435)
		at org.postgresql.jdbc.PgPreparedStatement.executeWithFlags(PgPreparedStatement.java:196)
		at org.postgresql.jdbc.PgPreparedStatement.executeUpdate(PgPreparedStatement.java:157)
		at com.leonardo.dao.VendaDAOTest.executeDelete(VendaDAOTest.java:335)
		... 5 more
Caused by: org.postgresql.util.PSQLException: ERRO: duplicar valor da chave viola a restrição de unicidade "uk_cpf_cliente"
  Detalhe: Chave (cpf)=(12312312312) já existe.
	at org.postgresql.core.v3.QueryExecutorImpl.receiveErrorResponse(QueryExecutorImpl.java:2736)
	at org.postgresql.core.v3.QueryExecutorImpl.processResults(QueryExecutorImpl.java:2423)
	at org.postgresql.core.v3.QueryExecutorImpl.execute(QueryExecutorImpl.java:374)
	at org.postgresql.jdbc.PgStatement.executeInternal(PgStatement.java:518)
	at org.postgresql.jdbc.PgStatement.execute(PgStatement.java:435)
	at org.postgresql.jdbc.PgPreparedStatement.executeWithFlags(PgPreparedStatement.java:196)
	at org.postgresql.jdbc.PgPreparedStatement.executeUpdate(PgPreparedStatement.java:157)
	at com.leonardo.infrastructure.dao.generic.GenericDAO.cadastrar(GenericDAO.java:99)
	... 5 more
]]></error>
  </testcase>
  <testcase name="pesquisar" classname="com.leonardo.dao.VendaDAOTest" time="0.15">
    <error message="ERRO CADASTRANDO OBJETO " type="com.leonardo.exceptions.DAOException"><![CDATA[com.leonardo.exceptions.DAOException: ERRO CADASTRANDO OBJETO 
	at com.leonardo.infrastructure.dao.generic.GenericDAO.cadastrar(GenericDAO.java:112)
	at com.leonardo.dao.VendaDAOTest.cadastrarCliente(VendaDAOTest.java:306)
	at com.leonardo.dao.VendaDAOTest.init(VendaDAOTest.java:56)
	at java.base/java.lang.reflect.Method.invoke(Method.java:580)
	at java.base/java.util.ArrayList.forEach(ArrayList.java:1596)
	at java.base/java.util.ArrayList.forEach(ArrayList.java:1596)
	Suppressed: com.leonardo.exceptions.DAOException: ERRO EXLUINDO OBJETO 
		at com.leonardo.dao.VendaDAOTest.executeDelete(VendaDAOTest.java:338)
		at com.leonardo.dao.VendaDAOTest.excluirVendas(VendaDAOTest.java:322)
		at com.leonardo.dao.VendaDAOTest.end(VendaDAOTest.java:62)
		... 3 more
	Caused by: org.postgresql.util.PSQLException: ERRO: relação "tb_produto_quantidade" não existe
  Posição: 13
		at org.postgresql.core.v3.QueryExecutorImpl.receiveErrorResponse(QueryExecutorImpl.java:2736)
		at org.postgresql.core.v3.QueryExecutorImpl.processResults(QueryExecutorImpl.java:2423)
		at org.postgresql.core.v3.QueryExecutorImpl.execute(QueryExecutorImpl.java:374)
		at org.postgresql.jdbc.PgStatement.executeInternal(PgStatement.java:518)
		at org.postgresql.jdbc.PgStatement.execute(PgStatement.java:435)
		at org.postgresql.jdbc.PgPreparedStatement.executeWithFlags(PgPreparedStatement.java:196)
		at org.postgresql.jdbc.PgPreparedStatement.executeUpdate(PgPreparedStatement.java:157)
		at com.leonardo.dao.VendaDAOTest.executeDelete(VendaDAOTest.java:335)
		... 5 more
Caused by: org.postgresql.util.PSQLException: ERRO: duplicar valor da chave viola a restrição de unicidade "uk_cpf_cliente"
  Detalhe: Chave (cpf)=(12312312312) já existe.
	at org.postgresql.core.v3.QueryExecutorImpl.receiveErrorResponse(QueryExecutorImpl.java:2736)
	at org.postgresql.core.v3.QueryExecutorImpl.processResults(QueryExecutorImpl.java:2423)
	at org.postgresql.core.v3.QueryExecutorImpl.execute(QueryExecutorImpl.java:374)
	at org.postgresql.jdbc.PgStatement.executeInternal(PgStatement.java:518)
	at org.postgresql.jdbc.PgStatement.execute(PgStatement.java:435)
	at org.postgresql.jdbc.PgPreparedStatement.executeWithFlags(PgPreparedStatement.java:196)
	at org.postgresql.jdbc.PgPreparedStatement.executeUpdate(PgPreparedStatement.java:157)
	at com.leonardo.infrastructure.dao.generic.GenericDAO.cadastrar(GenericDAO.java:99)
	... 5 more
]]></error>
  </testcase>
</testsuite>